[09/17/2017 17:41:12][System Serial Number20170704064114.000000+120][Alpha killed Lizardman shaman] 1x Big bones
[09/17/2017 17:41:12][System Serial Number20170704064114.000000+120][Alpha killed Lizardman shaman] 3x Grimy dwarf weed
[09/17/2017 17:41:26][System Serial Number20170704064114.000000+120][Alpha killed Lizardman shaman] 1x Big bones
[09/17/2017 17:41:26][System Serial Number20170704064114.000000+120][Alpha killed Lizardman shaman] 26x Iron ore
[09/17/2017 17:41:43][System Serial Number20170704064114.000000+120][Alpha killed Lizardman shaman] 1x Big bones
[09/17/2017 17:41:43][System Serial Number20170704064114.000000+120][Alpha killed Lizardman shaman] 30x Iron ore
[09/17/2017 17:41:58][System Serial Number20170704064114.000000+120][Alpha killed Lizardman shaman] 1x Big bones
[09/17/2017 17:41:58][System Serial Number20170704064114.000000+120][Alpha killed Lizardman shaman] 3x Runite ore
[09/17/2017 17:42:07][System Serial Number20170704064114.000000+120][Alpha killed Lizardman shaman] 1x Big bones
[09/17/2017 17:42:07][System Serial Number20170704064114.000000+120][Alpha killed Lizardman shaman] 78x Air rune
[09/17/2017 17:42:54][System Serial Number20170704064114.000000+120][Alpha killed Cow] 1x Cowhide
[09/17/2017 17:42:54][System Serial Number20170704064114.000000+120][Alpha killed Cow] 1x Bones
[09/17/2017 17:42:54][System Serial Number20170704064114.000000+120][Alpha killed Cow] 1x Raw beef
[09/17/2017 17:42:56][System Serial Number20170704064114.000000+120][Alpha killed Cow] 1x Cowhide
[09/17/2017 17:42:56][System Serial Number20170704064114.000000+120][Alpha killed Cow] 1x Bones
[09/17/2017 17:42:56][System Serial Number20170704064114.000000+120][Alpha killed Cow] 1x Raw beef
[09/17/2017 17:42:59][System Serial Number20170704064114.000000+120][Alpha killed Cow] 1x Cowhide
[09/17/2017 17:42:59][System Serial Number20170704064114.000000+120][Alpha killed Cow] 1x Bones
[09/17/2017 17:42:59][System Serial Number20170704064114.000000+120][Alpha killed Cow] 1x Raw beef
[09/17/2017 17:43:01][System Serial Number20170704064114.000000+120][Alpha killed Cow] 1x Cowhide
[09/17/2017 17:43:01][System Serial Number20170704064114.000000+120][Alpha killed Cow] 1x Bones
[09/17/2017 17:43:01][System Serial Number20170704064114.000000+120][Alpha killed Cow] 1x Raw beef
[09/17/2017 17:43:04][System Serial Number20170704064114.000000+120][Alpha killed Cow] 1x Cowhide
[09/17/2017 17:43:04][System Serial Number20170704064114.000000+120][Alpha killed Cow] 1x Bones
[09/17/2017 17:43:04][System Serial Number20170704064114.000000+120][Alpha killed Cow] 1x Raw beef
[09/17/2017 17:43:07][System Serial Number20170704064114.000000+120][Alpha killed Cow] 1x Cowhide
[09/17/2017 17:43:07][System Serial Number20170704064114.000000+120][Alpha killed Cow] 1x Bones
[09/17/2017 17:43:07][System Serial Number20170704064114.000000+120][Alpha killed Cow] 1x Raw beef
[09/17/2017 17:43:09][System Serial Number20170704064114.000000+120][Alpha killed Cow] 1x Cowhide
[09/17/2017 17:43:09][System Serial Number20170704064114.000000+120][Alpha killed Cow] 1x Bones
[09/17/2017 17:43:09][System Serial Number20170704064114.000000+120][Alpha killed Cow] 1x Raw beef
[09/17/2017 17:43:11][System Serial Number20170704064114.000000+120][Alpha killed Cow] 1x Cowhide
[09/17/2017 17:43:11][System Serial Number20170704064114.000000+120][Alpha killed Cow] 1x Bones
[09/17/2017 17:43:11][System Serial Number20170704064114.000000+120][Alpha killed Cow] 1x Raw beef
[09/17/2017 17:43:14][System Serial Number20170704064114.000000+120][Alpha killed Cow] 1x Cowhide
[09/17/2017 17:43:14][System Serial Number20170704064114.000000+120][Alpha killed Cow] 1x Bones
[09/17/2017 17:43:14][System Serial Number20170704064114.000000+120][Alpha killed Cow] 1x Raw beef
[09/17/2017 17:43:17][System Serial Number20170704064114.000000+120][Alpha killed Cow] 1x Cowhide
[09/17/2017 17:43:17][System Serial Number20170704064114.000000+120][Alpha killed Cow] 1x Bones
[09/17/2017 17:43:17][System Serial Number20170704064114.000000+120][Alpha killed Cow] 1x Raw beef
[09/17/2017 17:43:22][System Serial Number20170704064114.000000+120][Alpha killed Cow] 1x Cowhide
[09/17/2017 17:43:22][System Serial Number20170704064114.000000+120][Alpha killed Cow] 1x Bones
[09/17/2017 17:43:22][System Serial Number20170704064114.000000+120][Alpha killed Cow] 1x Raw beef
[09/17/2017 17:43:25][System Serial Number20170704064114.000000+120][Alpha killed Cow] 1x Cowhide
[09/17/2017 17:43:25][System Serial Number20170704064114.000000+120][Alpha killed Cow] 1x Bones
[09/17/2017 17:43:25][System Serial Number20170704064114.000000+120][Alpha killed Cow] 1x Raw beef
[09/17/2017 17:43:54][System Serial Number20170704064114.000000+120][Alpha killed Cow] 1x Cowhide
[09/17/2017 17:43:54][System Serial Number20170704064114.000000+120][Alpha killed Cow] 1x Bones
[09/17/2017 17:43:54][System Serial Number20170704064114.000000+120][Alpha killed Cow] 1x Raw beef
[09/17/2017 17:44:12][System Serial Number20170704064114.000000+120][Alpha killed Cow] 1x Cowhide
[09/17/2017 17:44:12][System Serial Number20170704064114.000000+120][Alpha killed Cow] 1x Bones
[09/17/2017 17:44:12][System Serial Number20170704064114.000000+120][Alpha killed Cow] 1x Raw beef
[09/17/2017 17:44:16][System Serial Number20170704064114.000000+120][Alpha killed Cow] 1x Cowhide
[09/17/2017 17:44:16][System Serial Number20170704064114.000000+120][Alpha killed Cow] 1x Bones
[09/17/2017 17:44:16][System Serial Number20170704064114.000000+120][Alpha killed Cow] 1x Raw beef
[09/17/2017 17:51:06][System Serial Number20170704064114.000000+120][Alpha killed Corporeal Beast] 161x White berries
[09/17/2017 17:53:33][System Serial Number20170704064114.000000+120][Alpha killed TzHaar-Xil] 47x Tokkul
[09/17/2017 18:03:44][System Serial Number20170704064114.000000+120][Alpha killed TzHaar-Xil] 6x Tokkul
[09/17/2017 18:03:44][System Serial Number20170704064114.000000+120][Alpha killed TzHaar-Xil] 1x Uncut emerald
[09/17/2017 18:03:44][System Serial Number20170704064114.000000+120][Alpha killed TzHaar-Xil] 1x Uncut diamond
[09/17/2017 18:03:53][System Serial Number20170704064114.000000+120][Alpha killed TzHaar-Xil] 19x Tokkul
[09/17/2017 18:03:53][System Serial Number20170704064114.000000+120][Alpha killed TzHaar-Xil] 1x Uncut ruby
[09/17/2017 18:03:53][System Serial Number20170704064114.000000+120][Alpha killed TzHaar-Xil] 1x Uncut emerald
[09/17/2017 18:11:19][System Serial Number20170704064114.000000+120][Alpha killed Crazy archaeologist] 1x Bones
[09/17/2017 18:11:19][System Serial Number20170704064114.000000+120][Alpha killed Crazy archaeologist] 425x Blood money
[09/17/2017 18:11:19][System Serial Number20170704064114.000000+120][Alpha killed Crazy archaeologist] 1x Shark
[09/17/2017 18:11:44][System Serial Number20170704064114.000000+120][Alpha killed Yak] 1x Bones
[09/17/2017 18:11:44][System Serial Number20170704064114.000000+120][Alpha killed Yak] 1x Yak-hide
[09/17/2017 18:11:44][System Serial Number20170704064114.000000+120][Alpha killed Yak] 1x Hair
[09/17/2017 18:11:44][System Serial Number20170704064114.000000+120][Alpha killed Yak] 1x Raw yak meat
[09/17/2017 18:11:44][System Serial Number20170704064114.000000+120][Alpha killed Yak] 1x Fremennik helm
[09/17/2017 18:12:12][System Serial Number20170704064114.000000+120][Alpha killed Yak] 1x Bones
[09/17/2017 18:12:12][System Serial Number20170704064114.000000+120][Alpha killed Yak] 1x Yak-hide
[09/17/2017 18:12:12][System Serial Number20170704064114.000000+120][Alpha killed Yak] 1x Hair
[09/17/2017 18:12:12][System Serial Number20170704064114.000000+120][Alpha killed Yak] 1x Raw yak meat
[09/17/2017 18:12:12][System Serial Number20170704064114.000000+120][Alpha killed Yak] 6999x Coins
[09/17/2017 18:12:19][System Serial Number20170704064114.000000+120][Alpha killed Yak] 1x Bones
[09/17/2017 18:12:19][System Serial Number20170704064114.000000+120][Alpha killed Yak] 1x Yak-hide
[09/17/2017 18:12:19][System Serial Number20170704064114.000000+120][Alpha killed Yak] 1x Hair
[09/17/2017 18:12:19][System Serial Number20170704064114.000000+120][Alpha killed Yak] 1x Raw yak meat
[09/17/2017 18:12:19][System Serial Number20170704064114.000000+120][Alpha killed Yak] 284x Coins
[09/17/2017 18:12:23][System Serial Number20170704064114.000000+120][Alpha killed Yak] 1x Bones
[09/17/2017 18:12:23][System Serial Number20170704064114.000000+120][Alpha killed Yak] 1x Yak-hide
[09/17/2017 18:12:23][System Serial Number20170704064114.000000+120][Alpha killed Yak] 1x Hair
[09/17/2017 18:12:23][System Serial Number20170704064114.000000+120][Alpha killed Yak] 1x Raw yak meat
[09/17/2017 18:12:23][System Serial Number20170704064114.000000+120][Alpha killed Yak] 5733x Coins
[09/17/2017 18:12:34][System Serial Number20170704064114.000000+120][Alpha killed Yak] 1x Bones
[09/17/2017 18:12:34][System Serial Number20170704064114.000000+120][Alpha killed Yak] 1x Yak-hide
[09/17/2017 18:12:34][System Serial Number20170704064114.000000+120][Alpha killed Yak] 1x Hair
[09/17/2017 18:12:34][System Serial Number20170704064114.000000+120][Alpha killed Yak] 1x Raw yak meat
[09/17/2017 18:12:34][System Serial Number20170704064114.000000+120][Alpha killed Yak] 2577x Coins
[09/17/2017 18:12:37][System Serial Number20170704064114.000000+120][Alpha killed Yak] 1x Bones
[09/17/2017 18:12:37][System Serial Number20170704064114.000000+120][Alpha killed Yak] 1x Yak-hide
[09/17/2017 18:12:37][System Serial Number20170704064114.000000+120][Alpha killed Yak] 1x Hair
[09/17/2017 18:12:37][System Serial Number20170704064114.000000+120][Alpha killed Yak] 1x Raw yak meat
[09/17/2017 18:12:37][System Serial Number20170704064114.000000+120][Alpha killed Yak] 1x Archer helm
[09/17/2017 18:12:39][System Serial Number20170704064114.000000+120][Alpha killed Yak] 1x Bones
[09/17/2017 18:12:39][System Serial Number20170704064114.000000+120][Alpha killed Yak] 1x Yak-hide
[09/17/2017 18:12:39][System Serial Number20170704064114.000000+120][Alpha killed Yak] 1x Hair
[09/17/2017 18:12:39][System Serial Number20170704064114.000000+120][Alpha killed Yak] 1x Raw yak meat
[09/17/2017 18:12:39][System Serial Number20170704064114.000000+120][Alpha killed Yak] 1x Fremennik shield
[09/17/2017 18:12:42][System Serial Number20170704064114.000000+120][Alpha killed Yak] 1x Bones
[09/17/2017 18:12:42][System Serial Number20170704064114.000000+120][Alpha killed Yak] 1x Yak-hide
[09/17/2017 18:12:42][System Serial Number20170704064114.000000+120][Alpha killed Yak] 1x Hair
[09/17/2017 18:12:42][System Serial Number20170704064114.000000+120][Alpha killed Yak] 1x Raw yak meat
[09/17/2017 18:12:42][System Serial Number20170704064114.000000+120][Alpha killed Yak] 1x Fremennik shield
[09/17/2017 18:12:44][System Serial Number20170704064114.000000+120][Alpha killed Yak] 1x Bones
[09/17/2017 18:12:44][System Serial Number20170704064114.000000+120][Alpha killed Yak] 1x Yak-hide
[09/17/2017 18:12:44][System Serial Number20170704064114.000000+120][Alpha killed Yak] 1x Hair
[09/17/2017 18:12:44][System Serial Number20170704064114.000000+120][Alpha killed Yak] 1x Raw yak meat
[09/17/2017 18:12:44][System Serial Number20170704064114.000000+120][Alpha killed Yak] 1x Archer helm
[09/17/2017 18:12:46][System Serial Number20170704064114.000000+120][Alpha killed Yak] 1x Bones
[09/17/2017 18:12:46][System Serial Number20170704064114.000000+120][Alpha killed Yak] 1x Yak-hide
[09/17/2017 18:12:46][System Serial Number20170704064114.000000+120][Alpha killed Yak] 1x Hair
[09/17/2017 18:12:46][System Serial Number20170704064114.000000+120][Alpha killed Yak] 1x Raw yak meat
[09/17/2017 18:12:46][System Serial Number20170704064114.000000+120][Alpha killed Yak] 5889x Coins
[09/17/2017 18:12:49][System Serial Number20170704064114.000000+120][Alpha killed Yak] 1x Bones
[09/17/2017 18:12:49][System Serial Number20170704064114.000000+120][Alpha killed Yak] 1x Yak-hide
[09/17/2017 18:12:49][System Serial Number20170704064114.000000+120][Alpha killed Yak] 1x Hair
[09/17/2017 18:12:49][System Serial Number20170704064114.000000+120][Alpha killed Yak] 1x Raw yak meat
[09/17/2017 18:12:49][System Serial Number20170704064114.000000+120][Alpha killed Yak] 1x Berserker helm
[09/17/2017 18:12:52][System Serial Number20170704064114.000000+120][Alpha killed Yak] 1x Bones
[09/17/2017 18:12:52][System Serial Number20170704064114.000000+120][Alpha killed Yak] 1x Yak-hide
[09/17/2017 18:12:52][System Serial Number20170704064114.000000+120][Alpha killed Yak] 1x Hair
[09/17/2017 18:12:52][System Serial Number20170704064114.000000+120][Alpha killed Yak] 1x Raw yak meat
[09/17/2017 18:12:52][System Serial Number20170704064114.000000+120][Alpha killed Yak] 3330x Coins
[09/17/2017 18:12:56][System Serial Number20170704064114.000000+120][Alpha killed Yak] 1x Bones
[09/17/2017 18:12:56][System Serial Number20170704064114.000000+120][Alpha killed Yak] 1x Yak-hide
[09/17/2017 18:12:56][System Serial Number20170704064114.000000+120][Alpha killed Yak] 1x Hair
[09/17/2017 18:12:56][System Serial Number20170704064114.000000+120][Alpha killed Yak] 1x Raw yak meat
[09/17/2017 18:12:56][System Serial Number20170704064114.000000+120][Alpha killed Yak] 6931x Coins
[09/17/2017 18:12:58][System Serial Number20170704064114.000000+120][Alpha killed Yak] 1x Bones
[09/17/2017 18:12:59][System Serial Number20170704064114.000000+120][Alpha killed Yak] 1x Yak-hide
[09/17/2017 18:12:59][System Serial Number20170704064114.000000+120][Alpha killed Yak] 1x Hair
[09/17/2017 18:12:59][System Serial Number20170704064114.000000+120][Alpha killed Yak] 1x Raw yak meat
[09/17/2017 18:12:59][System Serial Number20170704064114.000000+120][Alpha killed Yak] 7355x Coins
[09/17/2017 18:13:01][System Serial Number20170704064114.000000+120][Alpha killed Yak] 1x Bones
[09/17/2017 18:13:01][System Serial Number20170704064114.000000+120][Alpha killed Yak] 1x Yak-hide
[09/17/2017 18:13:01][System Serial Number20170704064114.000000+120][Alpha killed Yak] 1x Hair
[09/17/2017 18:13:01][System Serial Number20170704064114.000000+120][Alpha killed Yak] 1x Raw yak meat
[09/17/2017 18:13:01][System Serial Number20170704064114.000000+120][Alpha killed Yak] 4923x Coins
[09/17/2017 18:14:19][System Serial Number20170704064114.000000+120][Alpha killed Animated Rune Armour] 1x Rune platelegs
[09/17/2017 18:14:19][System Serial Number20170704064114.000000+120][Alpha killed Animated Rune Armour] 1x Rune platebody
[09/17/2017 18:14:19][System Serial Number20170704064114.000000+120][Alpha killed Animated Rune Armour] 1x Rune full helm
[09/17/2017 18:14:19][System Serial Number20170704064114.000000+120][Alpha killed Animated Rune Armour] 40x Warrior guild token
[09/17/2017 18:15:04][System Serial Number20170704064114.000000+120][Alpha killed Animated Bronze Armour] 1x Bronze platelegs
[09/17/2017 18:15:04][System Serial Number20170704064114.000000+120][Alpha killed Animated Bronze Armour] 1x Bronze platebody
[09/17/2017 18:15:04][System Serial Number20170704064114.000000+120][Alpha killed Animated Bronze Armour] 1x Bronze full helm
[09/17/2017 18:15:04][System Serial Number20170704064114.000000+120][Alpha killed Animated Bronze Armour] 5x Warrior guild token
[09/17/2017 18:15:39][System Serial Number20170704064114.000000+120][Alpha killed Animated Iron Armour] 1x Iron platelegs
[09/17/2017 18:15:39][System Serial Number20170704064114.000000+120][Alpha killed Animated Iron Armour] 1x Iron platebody
[09/17/2017 18:15:39][System Serial Number20170704064114.000000+120][Alpha killed Animated Iron Armour] 1x Iron full helm
[09/17/2017 18:15:39][System Serial Number20170704064114.000000+120][Alpha killed Animated Iron Armour] 10x Warrior guild token
[09/17/2017 18:16:13][System Serial Number20170704064114.000000+120][Alpha killed Animated Steel Armour] 1x Steel platelegs
[09/17/2017 18:16:13][System Serial Number20170704064114.000000+120][Alpha killed Animated Steel Armour] 1x Steel platebody
[09/17/2017 18:16:13][System Serial Number20170704064114.000000+120][Alpha killed Animated Steel Armour] 1x Steel full helm
[09/17/2017 18:16:13][System Serial Number20170704064114.000000+120][Alpha killed Animated Steel Armour] 15x Warrior guild token
[09/17/2017 18:16:51][System Serial Number20170704064114.000000+120][Alpha killed Animated Mithril Armour] 1x Mithril platelegs
[09/17/2017 18:16:51][System Serial Number20170704064114.000000+120][Alpha killed Animated Mithril Armour] 1x Mithril platebody
[09/17/2017 18:16:51][System Serial Number20170704064114.000000+120][Alpha killed Animated Mithril Armour] 1x Mithril full helm
[09/17/2017 18:16:51][System Serial Number20170704064114.000000+120][Alpha killed Animated Mithril Armour] 25x Warrior guild token
[09/17/2017 18:17:29][System Serial Number20170704064114.000000+120][Alpha killed Animated Adamant Armour] 1x Adamant platelegs
[09/17/2017 18:17:29][System Serial Number20170704064114.000000+120][Alpha killed Animated Adamant Armour] 1x Adamant platebody
[09/17/2017 18:17:29][System Serial Number20170704064114.000000+120][Alpha killed Animated Adamant Armour] 1x Adamant full helm
[09/17/2017 18:17:29][System Serial Number20170704064114.000000+120][Alpha killed Animated Adamant Armour] 30x Warrior guild token
[09/17/2017 18:17:53][System Serial Number20170704064114.000000+120][Alpha killed Animated Rune Armour] 1x Rune platelegs
[09/17/2017 18:17:53][System Serial Number20170704064114.000000+120][Alpha killed Animated Rune Armour] 1x Rune platebody
[09/17/2017 18:17:53][System Serial Number20170704064114.000000+120][Alpha killed Animated Rune Armour] 1x Rune full helm
[09/17/2017 18:17:53][System Serial Number20170704064114.000000+120][Alpha killed Animated Rune Armour] 40x Warrior guild token
[09/17/2017 18:18:10][System Serial Number20170704064114.000000+120][Alpha killed Animated Bronze Armour] 1x Bronze platelegs
[09/17/2017 18:18:10][System Serial Number20170704064114.000000+120][Alpha killed Animated Bronze Armour] 1x Bronze platebody
[09/17/2017 18:18:10][System Serial Number20170704064114.000000+120][Alpha killed Animated Bronze Armour] 1x Bronze full helm
[09/17/2017 18:18:10][System Serial Number20170704064114.000000+120][Alpha killed Animated Bronze Armour] 5x Warrior guild token
[09/17/2017 18:18:22][System Serial Number20170704064114.000000+120][Alpha killed Animated Steel Armour] 1x Steel platelegs
[09/17/2017 18:18:22][System Serial Number20170704064114.000000+120][Alpha killed Animated Steel Armour] 1x Steel platebody
[09/17/2017 18:18:22][System Serial Number20170704064114.000000+120][Alpha killed Animated Steel Armour] 1x Steel full helm
[09/17/2017 18:18:22][System Serial Number20170704064114.000000+120][Alpha killed Animated Steel Armour] 15x Warrior guild token
[09/17/2017 18:18:39][System Serial Number20170704064114.000000+120][Alpha killed Animated Mithril Armour] 1x Mithril platelegs
[09/17/2017 18:18:39][System Serial Number20170704064114.000000+120][Alpha killed Animated Mithril Armour] 1x Mithril platebody
[09/17/2017 18:18:39][System Serial Number20170704064114.000000+120][Alpha killed Animated Mithril Armour] 1x Mithril full helm
[09/17/2017 18:18:39][System Serial Number20170704064114.000000+120][Alpha killed Animated Mithril Armour] 25x Warrior guild token
[09/17/2017 18:19:00][System Serial Number20170704064114.000000+120][Alpha killed Animated Adamant Armour] 1x Adamant platelegs
[09/17/2017 18:19:00][System Serial Number20170704064114.000000+120][Alpha killed Animated Adamant Armour] 1x Adamant platebody
[09/17/2017 18:19:00][System Serial Number20170704064114.000000+120][Alpha killed Animated Adamant Armour] 1x Adamant full helm
[09/17/2017 18:19:00][System Serial Number20170704064114.000000+120][Alpha killed Animated Adamant Armour] 30x Warrior guild token
[09/17/2017 18:20:13][System Serial Number20170704064114.000000+120][Alpha killed Cyclops] 1x Big bones
[09/17/2017 18:20:13][System Serial Number20170704064114.000000+120][Alpha killed Cyclops] 1x Black sword
[09/17/2017 18:20:16][System Serial Number20170704064114.000000+120][Alpha killed Cyclops] 1x Big bones
[09/17/2017 18:20:16][System Serial Number20170704064114.000000+120][Alpha killed Cyclops] 1x Steel chainbody
[09/17/2017 18:20:19][System Serial Number20170704064114.000000+120][Alpha killed Cyclops] 1x Big bones
[09/17/2017 18:20:19][System Serial Number20170704064114.000000+120][Alpha killed Cyclops] 1x Iron 2h sword
[09/17/2017 18:20:21][System Serial Number20170704064114.000000+120][Alpha killed Cyclops] 1x Big bones
[09/17/2017 18:20:21][System Serial Number20170704064114.000000+120][Alpha killed Cyclops] 1x Iron 2h sword
[09/17/2017 18:20:24][System Serial Number20170704064114.000000+120][Alpha killed Cyclops] 1x Big bones
[09/17/2017 18:20:24][System Serial Number20170704064114.000000+120][Alpha killed Cyclops] 1x Iron 2h sword
[09/17/2017 18:20:26][System Serial Number20170704064114.000000+120][Alpha killed Cyclops] 1x Big bones
[09/17/2017 18:20:29][System Serial Number20170704064114.000000+120][Alpha killed Cyclops] 1x Big bones
[09/17/2017 18:20:31][System Serial Number20170704064114.000000+120][Alpha killed Cyclops] 1x Big bones
[09/17/2017 18:20:31][System Serial Number20170704064114.000000+120][Alpha killed Cyclops] 1x Steel med helm
[09/17/2017 18:20:34][System Serial Number20170704064114.000000+120][Alpha killed Cyclops] 1x Big bones
[09/17/2017 18:20:34][System Serial Number20170704064114.000000+120][Alpha killed Cyclops] 1x Black sword
[09/17/2017 18:20:39][System Serial Number20170704064114.000000+120][Alpha killed Cyclops] 1x Big bones
[09/17/2017 18:20:42][System Serial Number20170704064114.000000+120][Alpha killed Cyclops] 1x Big bones
[09/17/2017 18:20:48][System Serial Number20170704064114.000000+120][Alpha killed Cyclops] 1x Big bones
[09/17/2017 18:20:48][System Serial Number20170704064114.000000+120][Alpha killed Cyclops] 1x Black sword
[09/17/2017 18:20:50][System Serial Number20170704064114.000000+120][Alpha killed Cyclops] 1x Big bones
[09/17/2017 18:20:50][System Serial Number20170704064114.000000+120][Alpha killed Cyclops] 1x Steel mace
[09/17/2017 18:20:56][System Serial Number20170704064114.000000+120][Alpha killed Cyclops] 1x Big bones
[09/17/2017 18:21:09][System Serial Number20170704064114.000000+120][Alpha killed Cyclops] 1x Big bones
[09/17/2017 18:21:12][System Serial Number20170704064114.000000+120][Alpha killed Cyclops] 1x Big bones
[09/17/2017 18:21:12][System Serial Number20170704064114.000000+120][Alpha killed Cyclops] 1x Iron 2h sword
[09/17/2017 18:21:15][System Serial Number20170704064114.000000+120][Alpha killed Cyclops] 1x Big bones
[09/17/2017 18:21:17][System Serial Number20170704064114.000000+120][Alpha killed Cyclops] 1x Big bones
[09/17/2017 18:21:19][System Serial Number20170704064114.000000+120][Alpha killed Cyclops] 1x Big bones
[09/17/2017 18:21:19][System Serial Number20170704064114.000000+120][Alpha killed Cyclops] 6x Black knife
[09/17/2017 18:21:22][System Serial Number20170704064114.000000+120][Alpha killed Cyclops] 1x Big bones
[09/17/2017 18:21:22][System Serial Number20170704064114.000000+120][Alpha killed Cyclops] 1x Iron chainbody
[09/17/2017 18:21:30][System Serial Number20170704064114.000000+120][Alpha killed Cyclops] 1x Big bones
[09/17/2017 18:21:30][System Serial Number20170704064114.000000+120][Alpha killed Cyclops] 1x Steel battleaxe
[09/17/2017 18:21:36][System Serial Number20170704064114.000000+120][Alpha killed Cyclops] 1x Big bones
[09/17/2017 18:21:36][System Serial Number20170704064114.000000+120][Alpha killed Cyclops] 9x Black knife
[09/17/2017 18:21:41][System Serial Number20170704064114.000000+120][Alpha killed Cyclops] 1x Big bones
[09/17/2017 18:22:08][System Serial Number20170704064114.000000+120][Alpha killed Cyclops] 1x Big bones
[09/17/2017 18:22:08][System Serial Number20170704064114.000000+120][Alpha killed Cyclops] 1x Iron 2h sword
[09/17/2017 18:22:15][System Serial Number20170704064114.000000+120][Alpha killed Cyclops] 1x Big bones
