[09/17/2017 17:52:57][360250150085220160930235337.000000-240][Iron Hunter killed Crazy archaeologist] 1x Bones
[09/17/2017 17:52:57][360250150085220160930235337.000000-240][Iron Hunter killed Crazy archaeologist] 751x Blood money
[09/17/2017 17:52:57][360250150085220160930235337.000000-240][Iron Hunter killed Crazy archaeologist] 20x Rune knife
[09/17/2017 18:00:56][360250150085220160930235337.000000-240][Iron Hunter killed Crazy archaeologist] 1x Bones
[09/17/2017 18:00:56][360250150085220160930235337.000000-240][Iron Hunter killed Crazy archaeologist] 605x Blood money
[09/17/2017 18:00:56][360250150085220160930235337.000000-240][Iron Hunter killed Crazy archaeologist] 1x Prayer potion(4)
[09/17/2017 18:02:34][360250150085220160930235337.000000-240][Iron Hunter killed Crazy archaeologist] 1x Bones
[09/17/2017 18:02:34][360250150085220160930235337.000000-240][Iron Hunter killed Crazy archaeologist] 819x Blood money
[09/17/2017 18:02:34][360250150085220160930235337.000000-240][Iron Hunter killed Crazy archaeologist] 14x White berries
[09/17/2017 18:04:25][360250150085220160930235337.000000-240][Iron Hunter killed Crazy archaeologist] 1x Bones
[09/17/2017 18:04:25][360250150085220160930235337.000000-240][Iron Hunter killed Crazy archaeologist] 499x Blood money
[09/17/2017 18:04:25][360250150085220160930235337.000000-240][Iron Hunter killed Crazy archaeologist] 10x Red dragonhide
[09/17/2017 18:06:03][360250150085220160930235337.000000-240][Iron Hunter killed Crazy archaeologist] 1x Bones
[09/17/2017 18:06:03][360250150085220160930235337.000000-240][Iron Hunter killed Crazy archaeologist] 816x Blood money
[09/17/2017 18:06:03][360250150085220160930235337.000000-240][Iron Hunter killed Crazy archaeologist] 1x Mysterious emblem
[09/17/2017 18:07:59][360250150085220160930235337.000000-240][Iron Hunter killed Crazy archaeologist] 1x Bones
[09/17/2017 18:07:59][360250150085220160930235337.000000-240][Iron Hunter killed Crazy archaeologist] 54x Blood money
[09/17/2017 18:07:59][360250150085220160930235337.000000-240][Iron Hunter killed Crazy archaeologist] 44x Mud rune
[09/17/2017 18:10:04][360250150085220160930235337.000000-240][Iron Hunter killed Crazy archaeologist] 1x Bones
[09/17/2017 18:10:04][360250150085220160930235337.000000-240][Iron Hunter killed Crazy archaeologist] 650x Blood money
[09/17/2017 18:10:04][360250150085220160930235337.000000-240][Iron Hunter killed Crazy archaeologist] 3x Potato with cheese
[09/17/2017 18:20:33][360250150085220160930235337.000000-240][Iron Hunter killed Crazy archaeologist] 1x Bones
[09/17/2017 18:20:33][360250150085220160930235337.000000-240][Iron Hunter killed Crazy archaeologist] 87x Blood money
[09/17/2017 18:20:33][360250150085220160930235337.000000-240][Iron Hunter killed Crazy archaeologist] 1x Prayer potion(4)
