[09/17/2017 17:46:37][98HUM7ZUPN94304174300020150807221332.000000+060][Karl Walsh killed Chaos Elemental] 436x Blood money
[09/17/2017 17:46:37][98HUM7ZUPN94304174300020150807221332.000000+060][Karl Walsh killed Chaos Elemental] 5x Grimy toadflax
[09/17/2017 17:47:47][98HUM7ZUPN94304174300020150807221332.000000+060][Karl Walsh killed Chaos Elemental] 356x Blood money
[09/17/2017 17:54:27][98HUM7ZUPN94304174300020150807221332.000000+060][Karl Walsh killed Demonic gorilla] 1x Ashes
[09/17/2017 17:54:27][98HUM7ZUPN94304174300020150807221332.000000+060][Karl Walsh killed Demonic gorilla] 9599x Coins
[09/17/2017 17:55:22][98HUM7ZUPN94304174300020150807221332.000000+060][Karl Walsh killed Demonic gorilla] 1x Ashes
[09/17/2017 17:55:22][98HUM7ZUPN94304174300020150807221332.000000+060][Karl Walsh killed Demonic gorilla] 2x Maple seed
[09/17/2017 17:56:41][98HUM7ZUPN94304174300020150807221332.000000+060][Karl Walsh killed Crawling Hand] 1x Bones
[09/17/2017 17:56:41][98HUM7ZUPN94304174300020150807221332.000000+060][Karl Walsh killed Crawling Hand] 257x Coins
[09/17/2017 17:56:52][98HUM7ZUPN94304174300020150807221332.000000+060][Karl Walsh killed Crawling Hand] 1x Bones
[09/17/2017 17:56:52][98HUM7ZUPN94304174300020150807221332.000000+060][Karl Walsh killed Crawling Hand] 1x Leather gloves
[09/17/2017 17:57:50][98HUM7ZUPN94304174300020150807221332.000000+060][Karl Walsh killed Gargoyle] 15x Gold ore
[09/17/2017 17:58:40][98HUM7ZUPN94304174300020150807221332.000000+060][Karl Walsh killed Abyssal demon] 1x Ashes
[09/17/2017 17:58:40][98HUM7ZUPN94304174300020150807221332.000000+060][Karl Walsh killed Abyssal demon] 1x Grimy ranarr weed
[09/17/2017 18:02:29][98HUM7ZUPN94304174300020150807221332.000000+060][Karl Walsh killed Sergeant Grimspike] 1x Bones
[09/17/2017 18:02:29][98HUM7ZUPN94304174300020150807221332.000000+060][Karl Walsh killed Sergeant Grimspike] 3x Chilli potato
[09/17/2017 18:02:42][98HUM7ZUPN94304174300020150807221332.000000+060][Karl Walsh killed Sergeant Steelwill] 1x Bones
[09/17/2017 18:02:42][98HUM7ZUPN94304174300020150807221332.000000+060][Karl Walsh killed Sergeant Steelwill] 3x Chilli potato
[09/17/2017 18:03:14][98HUM7ZUPN94304174300020150807221332.000000+060][Karl Walsh killed Sergeant Strongstack] 1x Bones
[09/17/2017 18:03:14][98HUM7ZUPN94304174300020150807221332.000000+060][Karl Walsh killed Sergeant Strongstack] 2x Shark
