[09/17/2017 17:36:29][Default string20170905220158.000000+120][Lil Pump killed Sergeant Steelwill] 1x Bones
[09/17/2017 17:36:29][Default string20170905220158.000000+120][Lil Pump killed Sergeant Steelwill] 1450x Coins
[09/17/2017 17:37:12][Default string20170905220158.000000+120][Lil Pump killed General Graardor] 1x Big bones
[09/17/2017 17:37:12][Default string20170905220158.000000+120][Lil Pump killed General Graardor] 1x Snapdragon seed
[09/17/2017 17:37:33][Default string20170905220158.000000+120][Lil Pump killed Sergeant Grimspike] 1x Bones
[09/17/2017 17:37:33][Default string20170905220158.000000+120][Lil Pump killed Sergeant Grimspike] 100x Steel dart
[09/17/2017 17:38:08][Default string20170905220158.000000+120][Lil Pump killed Sergeant Strongstack] 1x Bones
[09/17/2017 17:38:08][Default string20170905220158.000000+120][Lil Pump killed Sergeant Strongstack] 1328x Coins
[09/17/2017 17:39:03][Default string20170905220158.000000+120][Lil Pump killed Sergeant Steelwill] 1x Bones
[09/17/2017 17:39:03][Default string20170905220158.000000+120][Lil Pump killed Sergeant Steelwill] 3x Chilli potato
[09/17/2017 17:39:38][Default string20170905220158.000000+120][Lil Pump killed General Graardor] 1x Big bones
[09/17/2017 17:39:38][Default string20170905220158.000000+120][Lil Pump killed General Graardor] 1x Rune platebody
[09/17/2017 17:39:56][Default string20170905220158.000000+120][Lil Pump killed Sergeant Grimspike] 1x Bones
[09/17/2017 17:39:56][Default string20170905220158.000000+120][Lil Pump killed Sergeant Grimspike] 2x Shark
[09/17/2017 17:40:34][Default string20170905220158.000000+120][Lil Pump killed Sergeant Strongstack] 1x Bones
[09/17/2017 17:40:34][Default string20170905220158.000000+120][Lil Pump killed Sergeant Strongstack] 26x Cosmic rune
[09/17/2017 17:50:16][Default string20170905220158.000000+120][Lil Pump killed Lizardman shaman] 1x Big bones
[09/17/2017 17:50:16][Default string20170905220158.000000+120][Lil Pump killed Lizardman shaman] 1x Swamp tar
[09/17/2017 17:50:38][Default string20170905220158.000000+120][Lil Pump killed Lizardman shaman] 1x Big bones
[09/17/2017 17:50:38][Default string20170905220158.000000+120][Lil Pump killed Lizardman shaman] 29x Death rune
[09/17/2017 17:50:55][Default string20170905220158.000000+120][Lil Pump killed Lizardman shaman] 1x Big bones
[09/17/2017 17:50:55][Default string20170905220158.000000+120][Lil Pump killed Lizardman shaman] 24x Iron ore
[09/17/2017 17:51:28][Default string20170905220158.000000+120][Lil Pump killed Lizardman shaman] 1x Big bones
[09/17/2017 17:51:28][Default string20170905220158.000000+120][Lil Pump killed Lizardman shaman] 78x Air rune
[09/17/2017 17:52:00][Default string20170905220158.000000+120][Lil Pump killed Lizardman shaman] 1x Big bones
[09/17/2017 17:52:00][Default string20170905220158.000000+120][Lil Pump killed Lizardman shaman] 23x Coal
