[09/17/2017 17:41:52][Not Applicable20170725211928.000000+060][Rubbers killed Dagannoth Supreme] 1x Dagannoth bones
[09/17/2017 17:41:52][Not Applicable20170725211928.000000+060][Rubbers killed Dagannoth Supreme] 1x Dagannoth hide
[09/17/2017 17:41:52][Not Applicable20170725211928.000000+060][Rubbers killed Dagannoth Supreme] 2x Rune javelin
[09/17/2017 17:41:52][Not Applicable20170725211928.000000+060][Rubbers killed Dagannoth Supreme] 1x Belladonna seed
[09/17/2017 17:42:19][Not Applicable20170725211928.000000+060][Rubbers killed Dagannoth Prime] 1x Dagannoth bones
[09/17/2017 17:42:19][Not Applicable20170725211928.000000+060][Rubbers killed Dagannoth Prime] 1x Dagannoth hide
[09/17/2017 17:42:19][Not Applicable20170725211928.000000+060][Rubbers killed Dagannoth Prime] 1x Earth battlestaff
[09/17/2017 17:42:19][Not Applicable20170725211928.000000+060][Rubbers killed Dagannoth Prime] 1x Air battlestaff
[09/17/2017 17:43:19][Not Applicable20170725211928.000000+060][Rubbers killed Dagannoth Rex] 1x Dagannoth bones
[09/17/2017 17:43:19][Not Applicable20170725211928.000000+060][Rubbers killed Dagannoth Rex] 1x Dagannoth hide
[09/17/2017 17:43:19][Not Applicable20170725211928.000000+060][Rubbers killed Dagannoth Rex] 1x Adamantite bar
[09/17/2017 17:43:19][Not Applicable20170725211928.000000+060][Rubbers killed Dagannoth Rex] 1x Mithril 2h sword
[09/17/2017 17:45:37][Not Applicable20170725211928.000000+060][Rubbers killed Crazy archaeologist] 1x Bones
[09/17/2017 17:45:37][Not Applicable20170725211928.000000+060][Rubbers killed Crazy archaeologist] 849x Blood money
[09/17/2017 17:45:37][Not Applicable20170725211928.000000+060][Rubbers killed Crazy archaeologist] 1x Amulet of power
[09/17/2017 17:48:22][Not Applicable20170725211928.000000+060][Rubbers killed Crazy archaeologist] 1x Bones
[09/17/2017 17:48:22][Not Applicable20170725211928.000000+060][Rubbers killed Crazy archaeologist] 38x Blood money
[09/17/2017 17:48:22][Not Applicable20170725211928.000000+060][Rubbers killed Crazy archaeologist] 1x Red d'hide body
[09/17/2017 17:49:40][Not Applicable20170725211928.000000+060][Rubbers killed Chaos Fanatic] 1x Bones
[09/17/2017 17:49:40][Not Applicable20170725211928.000000+060][Rubbers killed Chaos Fanatic] 977x Blood money
[09/17/2017 17:49:40][Not Applicable20170725211928.000000+060][Rubbers killed Chaos Fanatic] 250x Pure essence
[09/17/2017 17:52:02][Not Applicable20170725211928.000000+060][Rubbers killed Giant Mole] 3x Mole skin
[09/17/2017 17:52:02][Not Applicable20170725211928.000000+060][Rubbers killed Giant Mole] 1x Mole claw
[09/17/2017 17:52:02][Not Applicable20170725211928.000000+060][Rubbers killed Giant Mole] 1x Big bones
[09/17/2017 17:52:02][Not Applicable20170725211928.000000+060][Rubbers killed Giant Mole] 2x Mithril bar
[09/17/2017 17:52:02][Not Applicable20170725211928.000000+060][Rubbers killed Giant Mole] 100x Iron ore
