[09/12/2017 05:35:32][20170504004609.000000+180][Salve killed Hill Giant] 1x Big bones
[09/12/2017 05:35:32][20170504004609.000000+180][Salve killed Hill Giant] 1x Grimy marrentill
[09/12/2017 07:05:05][20170504004609.000000+180][Salve killed Rock Crab] 206x Coins
[09/12/2017 07:07:13][20170504004609.000000+180][Salve killed Rock Crab] 153x Coins
[09/12/2017 07:07:13][20170504004609.000000+180][Salve killed Rock Crab] 2x Sinew
[09/12/2017 07:14:39][20170504004609.000000+180][Salve killed Rock Crab] 338x Coins
[09/12/2017 07:15:59][20170504004609.000000+180][Salve killed Rock Crab] 177x Coins
[09/12/2017 07:15:59][20170504004609.000000+180][Salve killed Rock Crab] 5x Air rune
[09/12/2017 07:18:06][20170504004609.000000+180][Salve killed Rock Crab] 303x Coins
[09/12/2017 07:18:06][20170504004609.000000+180][Salve killed Rock Crab] 6x Nature rune
[09/12/2017 07:19:29][20170504004609.000000+180][Salve killed Rock Crab] 158x Coins
[09/12/2017 07:22:14][20170504004609.000000+180][Salve killed Rock Crab] 238x Coins
[09/12/2017 07:22:14][20170504004609.000000+180][Salve killed Rock Crab] 3x Tin ore
[09/12/2017 07:25:00][20170504004609.000000+180][Salve killed Rock Crab] 109x Coins
[09/12/2017 07:27:38][20170504004609.000000+180][Salve killed Rock Crab] 200x Coins
[09/12/2017 07:27:38][20170504004609.000000+180][Salve killed Rock Crab] 1x Bronze pickaxe
[09/12/2017 08:34:58][20170504004609.000000+180][Salve killed Rock Crab] 141x Coins
[09/12/2017 08:34:58][20170504004609.000000+180][Salve killed Rock Crab] 15x Chaos rune
[09/12/2017 08:35:02][20170504004609.000000+180][Salve killed Rock Crab] 185x Coins
[09/12/2017 08:35:02][20170504004609.000000+180][Salve killed Rock Crab] 2x Coal
[09/12/2017 08:35:06][20170504004609.000000+180][Salve killed Rock Crab] 317x Coins
[09/12/2017 08:35:06][20170504004609.000000+180][Salve killed Rock Crab] 3x Copper ore
[09/12/2017 08:35:59][20170504004609.000000+180][Salve killed Rock Crab] 241x Coins
[09/12/2017 08:35:59][20170504004609.000000+180][Salve killed Rock Crab] 3x Sinew
[09/12/2017 08:47:04][20170504004609.000000+180][Salve killed Rock Crab] 115x Coins
[09/12/2017 08:47:04][20170504004609.000000+180][Salve killed Rock Crab] 3x Tin ore
[09/12/2017 08:47:28][20170504004609.000000+180][Salve killed Rock Crab] 195x Coins
[09/12/2017 08:47:38][20170504004609.000000+180][Salve killed Rock Crab] 169x Coins
[09/12/2017 08:47:38][20170504004609.000000+180][Salve killed Rock Crab] 3x Tin ore
[09/12/2017 08:47:47][20170504004609.000000+180][Salve killed Rock Crab] 241x Coins
[09/12/2017 08:47:47][20170504004609.000000+180][Salve killed Rock Crab] 3x Copper ore
[09/12/2017 08:48:02][20170504004609.000000+180][Salve killed Rock Crab] 268x Coins
[09/12/2017 08:48:02][20170504004609.000000+180][Salve killed Rock Crab] 1x Clue scroll (easy)
[09/12/2017 08:48:17][20170504004609.000000+180][Salve killed Rock Crab] 247x Coins
[09/12/2017 08:48:17][20170504004609.000000+180][Salve killed Rock Crab] 13x Nature rune
[09/12/2017 08:48:33][20170504004609.000000+180][Salve killed Rock Crab] 176x Coins
[09/12/2017 08:48:33][20170504004609.000000+180][Salve killed Rock Crab] 2x Coal
[09/12/2017 08:48:45][20170504004609.000000+180][Salve killed Rock Crab] 301x Coins
[09/12/2017 08:48:45][20170504004609.000000+180][Salve killed Rock Crab] 1x Clue scroll (easy)
[09/12/2017 08:49:01][20170504004609.000000+180][Salve killed Rock Crab] 263x Coins
[09/12/2017 08:49:01][20170504004609.000000+180][Salve killed Rock Crab] 1x Iron ore
[09/12/2017 08:53:29][20170504004609.000000+180][Salve killed Rock Crab] 145x Coins
[09/12/2017 08:53:29][20170504004609.000000+180][Salve killed Rock Crab] 3x Tin ore
[09/12/2017 08:53:41][20170504004609.000000+180][Salve killed Rock Crab] 181x Coins
[09/12/2017 08:53:41][20170504004609.000000+180][Salve killed Rock Crab] 3x Sinew
[09/12/2017 08:55:40][20170504004609.000000+180][Salve killed Rock Crab] 233x Coins
[09/12/2017 08:55:40][20170504004609.000000+180][Salve killed Rock Crab] 3x Tin ore
[09/12/2017 08:56:20][20170504004609.000000+180][Salve killed Rock Crab] 225x Coins
[09/12/2017 08:56:20][20170504004609.000000+180][Salve killed Rock Crab] 1x Iron pickaxe
[09/12/2017 08:56:35][20170504004609.000000+180][Salve killed Rock Crab] 290x Coins
[09/12/2017 08:56:35][20170504004609.000000+180][Salve killed Rock Crab] 3x Tin ore
[09/12/2017 08:57:29][20170504004609.000000+180][Salve killed Rock Crab] 178x Coins
[09/12/2017 08:57:29][20170504004609.000000+180][Salve killed Rock Crab] 3x Tin ore
[09/12/2017 08:57:50][20170504004609.000000+180][Salve killed Rock Crab] 297x Coins
[09/12/2017 08:57:50][20170504004609.000000+180][Salve killed Rock Crab] 2x Coal
[09/12/2017 08:58:00][20170504004609.000000+180][Salve killed Rock Crab] 328x Coins
[09/12/2017 08:58:00][20170504004609.000000+180][Salve killed Rock Crab] 14x Air rune
[09/12/2017 09:01:09][20170504004609.000000+180][Salve killed Rock Crab] 205x Coins
[09/12/2017 09:01:09][20170504004609.000000+180][Salve killed Rock Crab] 1x Iron pickaxe
[09/12/2017 09:05:30][20170504004609.000000+180][Salve killed Rock Crab] 331x Coins
[09/12/2017 09:05:49][20170504004609.000000+180][Salve killed Rock Crab] 259x Coins
[09/12/2017 09:05:49][20170504004609.000000+180][Salve killed Rock Crab] 1x Iron pickaxe
[09/12/2017 09:08:34][20170504004609.000000+180][Salve killed Rock Crab] 150x Coins
[09/12/2017 11:04:58][20170504004609.000000+180][Salve killed Rock Crab] 289x Coins
[09/12/2017 12:01:20][20170504004609.000000+180][Salve killed Kalphite Queen] 1x Bones
[09/12/2017 12:01:20][20170504004609.000000+180][Salve killed Kalphite Queen] 51x Coins
[09/12/2017 12:01:40][20170504004609.000000+180][Salve killed Kalphite Queen] 1x Bones
[09/12/2017 12:01:40][20170504004609.000000+180][Salve killed Kalphite Queen] 1x Grimy harralander
[09/12/2017 12:01:59][20170504004609.000000+180][Salve killed Kalphite Queen] 1x Bones
[09/12/2017 12:01:59][20170504004609.000000+180][Salve killed Kalphite Queen] 1x Fire talisman
[09/12/2017 12:02:19][20170504004609.000000+180][Salve killed Kalphite Queen] 1x Bones
[09/12/2017 12:02:19][20170504004609.000000+180][Salve killed Kalphite Queen] 12x Bronze bolts
[09/12/2017 12:02:39][20170504004609.000000+180][Salve killed Kalphite Queen] 1x Bones
[09/12/2017 12:02:39][20170504004609.000000+180][Salve killed Kalphite Queen] 64x Coins
[09/12/2017 12:02:59][20170504004609.000000+180][Salve killed Kalphite Queen] 1x Bones
[09/12/2017 12:02:59][20170504004609.000000+180][Salve killed Kalphite Queen] 1x Earth talisman
[09/12/2017 12:03:19][20170504004609.000000+180][Salve killed Kalphite Queen] 1x Bones
[09/12/2017 12:03:19][20170504004609.000000+180][Salve killed Kalphite Queen] 4x Earth rune
[09/12/2017 12:03:39][20170504004609.000000+180][Salve killed Kalphite Queen] 1x Bones
[09/12/2017 12:03:39][20170504004609.000000+180][Salve killed Kalphite Queen] 1x Grimy ranarr weed
[09/12/2017 12:03:59][20170504004609.000000+180][Salve killed Kalphite Queen] 1x Bones
[09/12/2017 12:03:59][20170504004609.000000+180][Salve killed Kalphite Queen] 1x Grimy harralander
[09/12/2017 12:04:18][20170504004609.000000+180][Salve killed Kalphite Queen] 1x Bones
[09/12/2017 12:04:18][20170504004609.000000+180][Salve killed Kalphite Queen] 1x Mind talisman
[09/12/2017 12:04:38][20170504004609.000000+180][Salve killed Kalphite Queen] 1x Bones
[09/12/2017 12:04:38][20170504004609.000000+180][Salve killed Kalphite Queen] 3x Earth rune
[09/12/2017 12:04:58][20170504004609.000000+180][Salve killed Kalphite Queen] 1x Bones
[09/12/2017 12:04:58][20170504004609.000000+180][Salve killed Kalphite Queen] 1x Grimy cadantine
[09/12/2017 12:05:18][20170504004609.000000+180][Salve killed Kalphite Queen] 1x Bones
[09/12/2017 12:05:18][20170504004609.000000+180][Salve killed Kalphite Queen] 1x Bronze med helm
[09/12/2017 12:05:38][20170504004609.000000+180][Salve killed Kalphite Queen] 1x Bones
[09/12/2017 12:05:38][20170504004609.000000+180][Salve killed Kalphite Queen] 1x Earth talisman
[09/12/2017 12:05:58][20170504004609.000000+180][Salve killed Kalphite Queen] 1x Bones
[09/12/2017 12:05:58][20170504004609.000000+180][Salve killed Kalphite Queen] 3x Earth rune
[09/12/2017 12:06:17][20170504004609.000000+180][Salve killed Kalphite Queen] 1x Bones
[09/12/2017 12:06:17][20170504004609.000000+180][Salve killed Kalphite Queen] 3x Mind rune
[09/12/2017 12:06:37][20170504004609.000000+180][Salve killed Kalphite Queen] 1x Bones
[09/12/2017 12:06:37][20170504004609.000000+180][Salve killed Kalphite Queen] 1x Mind talisman
[09/12/2017 12:06:57][20170504004609.000000+180][Salve killed Kalphite Queen] 1x Bones
[09/12/2017 12:06:57][20170504004609.000000+180][Salve killed Kalphite Queen] 1x Mind talisman
[09/12/2017 12:07:17][20170504004609.000000+180][Salve killed Kalphite Queen] 1x Bones
[09/12/2017 12:07:17][20170504004609.000000+180][Salve killed Kalphite Queen] 4x Fire rune
[09/12/2017 12:07:37][20170504004609.000000+180][Salve killed Kalphite Queen] 1x Bones
[09/12/2017 12:07:37][20170504004609.000000+180][Salve killed Kalphite Queen] 1x Grimy harralander
[09/12/2017 12:07:56][20170504004609.000000+180][Salve killed Kalphite Queen] 1x Bones
[09/12/2017 12:07:56][20170504004609.000000+180][Salve killed Kalphite Queen] 1x Grimy tarromin
[09/12/2017 12:08:16][20170504004609.000000+180][Salve killed Kalphite Queen] 1x Bones
[09/12/2017 12:08:16][20170504004609.000000+180][Salve killed Kalphite Queen] 1x Cabbage
[09/12/2017 12:08:36][20170504004609.000000+180][Salve killed Kalphite Queen] 1x Bones
[09/12/2017 12:08:36][20170504004609.000000+180][Salve killed Kalphite Queen] 4x Mind rune
[09/12/2017 12:08:56][20170504004609.000000+180][Salve killed Kalphite Queen] 1x Bones
[09/12/2017 12:08:56][20170504004609.000000+180][Salve killed Kalphite Queen] 1x Earth talisman
[09/12/2017 12:09:16][20170504004609.000000+180][Salve killed Kalphite Queen] 1x Bones
[09/12/2017 12:09:16][20170504004609.000000+180][Salve killed Kalphite Queen] 7x Bronze arrow
[09/12/2017 12:09:36][20170504004609.000000+180][Salve killed Kalphite Queen] 1x Bones
[09/12/2017 12:09:36][20170504004609.000000+180][Salve killed Kalphite Queen] 1x Air talisman
[09/12/2017 12:09:55][20170504004609.000000+180][Salve killed Kalphite Queen] 1x Bones
[09/12/2017 12:09:55][20170504004609.000000+180][Salve killed Kalphite Queen] 7x Bronze bolts
[09/12/2017 12:10:15][20170504004609.000000+180][Salve killed Kalphite Queen] 1x Bones
[09/12/2017 12:10:15][20170504004609.000000+180][Salve killed Kalphite Queen] 1x Grimy ranarr weed
[09/12/2017 12:10:35][20170504004609.000000+180][Salve killed Kalphite Queen] 1x Bones
[09/12/2017 12:10:35][20170504004609.000000+180][Salve killed Kalphite Queen] 1x Mind talisman
[09/12/2017 12:10:55][20170504004609.000000+180][Salve killed Kalphite Queen] 1x Bones
[09/12/2017 12:10:55][20170504004609.000000+180][Salve killed Kalphite Queen] 85x Coins
[09/12/2017 12:11:15][20170504004609.000000+180][Salve killed Kalphite Queen] 1x Bones
[09/12/2017 12:11:15][20170504004609.000000+180][Salve killed Kalphite Queen] 1x Grimy avantoe
[09/12/2017 12:11:35][20170504004609.000000+180][Salve killed Kalphite Queen] 1x Bones
[09/12/2017 12:11:35][20170504004609.000000+180][Salve killed Kalphite Queen] 64x Coins
[09/12/2017 12:11:54][20170504004609.000000+180][Salve killed Kalphite Queen] 1x Bones
[09/12/2017 12:11:54][20170504004609.000000+180][Salve killed Kalphite Queen] 1x Grimy tarromin
[09/12/2017 12:12:14][20170504004609.000000+180][Salve killed Kalphite Queen] 1x Bones
[09/12/2017 12:12:14][20170504004609.000000+180][Salve killed Kalphite Queen] 6x Bronze bolts
[09/12/2017 12:12:34][20170504004609.000000+180][Salve killed Kalphite Queen] 1x Bones
[09/12/2017 12:12:34][20170504004609.000000+180][Salve killed Kalphite Queen] 1x Grimy tarromin
[09/12/2017 12:12:54][20170504004609.000000+180][Salve killed Kalphite Queen] 1x Bones
[09/12/2017 12:12:54][20170504004609.000000+180][Salve killed Kalphite Queen] 1x Earth rune
[09/12/2017 12:13:14][20170504004609.000000+180][Salve killed Kalphite Queen] 1x Bones
[09/12/2017 12:13:14][20170504004609.000000+180][Salve killed Kalphite Queen] 7x Bronze arrow
[09/12/2017 12:13:34][20170504004609.000000+180][Salve killed Kalphite Queen] 1x Bones
[09/12/2017 12:13:34][20170504004609.000000+180][Salve killed Kalphite Queen] 1x Grimy ranarr weed
[09/12/2017 12:13:53][20170504004609.000000+180][Salve killed Kalphite Queen] 1x Bones
[09/12/2017 12:13:53][20170504004609.000000+180][Salve killed Kalphite Queen] 1x Air talisman
[09/12/2017 12:14:13][20170504004609.000000+180][Salve killed Kalphite Queen] 1x Bones
[09/12/2017 12:14:13][20170504004609.000000+180][Salve killed Kalphite Queen] 7x Bronze arrow
[09/12/2017 12:14:33][20170504004609.000000+180][Salve killed Kalphite Queen] 1x Bones
[09/12/2017 12:14:33][20170504004609.000000+180][Salve killed Kalphite Queen] 1x Cabbage
[09/12/2017 12:14:53][20170504004609.000000+180][Salve killed Kalphite Queen] 1x Bones
[09/12/2017 12:14:53][20170504004609.000000+180][Salve killed Kalphite Queen] 4x Bronze bolts
[09/12/2017 12:15:13][20170504004609.000000+180][Salve killed Kalphite Queen] 1x Bones
[09/12/2017 12:15:13][20170504004609.000000+180][Salve killed Kalphite Queen] 83x Coins
[09/12/2017 12:15:33][20170504004609.000000+180][Salve killed Kalphite Queen] 1x Bones
[09/12/2017 12:15:33][20170504004609.000000+180][Salve killed Kalphite Queen] 1x Bronze med helm
[09/12/2017 12:15:52][20170504004609.000000+180][Salve killed Kalphite Queen] 1x Bones
[09/12/2017 12:15:52][20170504004609.000000+180][Salve killed Kalphite Queen] 7x Bronze arrow
[09/12/2017 12:16:12][20170504004609.000000+180][Salve killed Kalphite Queen] 1x Bones
[09/12/2017 12:16:12][20170504004609.000000+180][Salve killed Kalphite Queen] 1x Grimy guam leaf
[09/12/2017 12:16:32][20170504004609.000000+180][Salve killed Kalphite Queen] 1x Bones
[09/12/2017 12:16:32][20170504004609.000000+180][Salve killed Kalphite Queen] 1x Cabbage
[09/12/2017 12:16:52][20170504004609.000000+180][Salve killed Kalphite Queen] 1x Bones
[09/12/2017 12:16:52][20170504004609.000000+180][Salve killed Kalphite Queen] 1x Grimy ranarr weed
[09/12/2017 12:17:12][20170504004609.000000+180][Salve killed Kalphite Queen] 1x Bones
[09/12/2017 12:17:12][20170504004609.000000+180][Salve killed Kalphite Queen] 95x Coins
[09/12/2017 12:17:31][20170504004609.000000+180][Salve killed Kalphite Queen] 1x Bones
[09/12/2017 12:17:31][20170504004609.000000+180][Salve killed Kalphite Queen] 1x Grimy tarromin
[09/12/2017 12:17:51][20170504004609.000000+180][Salve killed Kalphite Queen] 1x Bones
[09/12/2017 12:17:51][20170504004609.000000+180][Salve killed Kalphite Queen] 3x Earth rune
[09/12/2017 12:18:11][20170504004609.000000+180][Salve killed Kalphite Queen] 1x Bones
[09/12/2017 12:18:11][20170504004609.000000+180][Salve killed Kalphite Queen] 1x Earth talisman
[09/12/2017 12:18:31][20170504004609.000000+180][Salve killed Kalphite Queen] 1x Bones
[09/12/2017 12:18:31][20170504004609.000000+180][Salve killed Kalphite Queen] 4x Bronze bolts
[09/12/2017 12:18:51][20170504004609.000000+180][Salve killed Kalphite Queen] 1x Bones
[09/12/2017 12:18:51][20170504004609.000000+180][Salve killed Kalphite Queen] 6x Fire rune
[09/12/2017 12:19:11][20170504004609.000000+180][Salve killed Kalphite Queen] 1x Bones
[09/12/2017 12:19:11][20170504004609.000000+180][Salve killed Kalphite Queen] 1x Earth talisman
[09/12/2017 12:19:30][20170504004609.000000+180][Salve killed Kalphite Queen] 1x Bones
[09/12/2017 12:19:30][20170504004609.000000+180][Salve killed Kalphite Queen] 7x Bronze arrow
[09/12/2017 12:19:50][20170504004609.000000+180][Salve killed Kalphite Queen] 1x Bones
[09/12/2017 12:19:50][20170504004609.000000+180][Salve killed Kalphite Queen] 7x Bronze arrow
[09/12/2017 12:20:10][20170504004609.000000+180][Salve killed Kalphite Queen] 1x Bones
[09/12/2017 12:20:10][20170504004609.000000+180][Salve killed Kalphite Queen] 1x Grimy marrentill
[09/12/2017 12:20:30][20170504004609.000000+180][Salve killed Kalphite Queen] 1x Bones
[09/12/2017 12:20:30][20170504004609.000000+180][Salve killed Kalphite Queen] 1x Grimy marrentill
[09/12/2017 12:20:50][20170504004609.000000+180][Salve killed Kalphite Queen] 1x Bones
[09/12/2017 12:20:50][20170504004609.000000+180][Salve killed Kalphite Queen] 1x Grimy marrentill
[09/12/2017 12:21:10][20170504004609.000000+180][Salve killed Kalphite Queen] 1x Bones
[09/12/2017 12:21:10][20170504004609.000000+180][Salve killed Kalphite Queen] 1x Grimy ranarr weed
[09/12/2017 12:21:29][20170504004609.000000+180][Salve killed Kalphite Queen] 1x Bones
[09/12/2017 12:21:29][20170504004609.000000+180][Salve killed Kalphite Queen] 1x Grimy guam leaf
[09/12/2017 12:21:49][20170504004609.000000+180][Salve killed Kalphite Queen] 1x Bones
[09/12/2017 12:21:49][20170504004609.000000+180][Salve killed Kalphite Queen] 11x Bronze bolts
[09/12/2017 12:22:09][20170504004609.000000+180][Salve killed Kalphite Queen] 1x Bones
[09/12/2017 12:22:09][20170504004609.000000+180][Salve killed Kalphite Queen] 1x Grimy marrentill
[09/12/2017 12:22:29][20170504004609.000000+180][Salve killed Kalphite Queen] 1x Bones
[09/12/2017 12:22:29][20170504004609.000000+180][Salve killed Kalphite Queen] 1x Grimy marrentill
[09/12/2017 12:22:49][20170504004609.000000+180][Salve killed Kalphite Queen] 1x Bones
[09/12/2017 12:22:49][20170504004609.000000+180][Salve killed Kalphite Queen] 5x Mind rune
[09/12/2017 12:23:09][20170504004609.000000+180][Salve killed Kalphite Queen] 1x Bones
[09/12/2017 12:23:09][20170504004609.000000+180][Salve killed Kalphite Queen] 3x Earth rune
[09/12/2017 12:23:29][20170504004609.000000+180][Salve killed Kalphite Queen] 1x Bones
[09/12/2017 12:23:29][20170504004609.000000+180][Salve killed Kalphite Queen] 4x Earth rune
[09/12/2017 12:25:50][20170504004609.000000+180][Salve killed Kalphite Queen] 1x Super combat potion(2)
[09/12/2017 12:25:50][20170504004609.000000+180][Salve killed Kalphite Queen] 250x Gold ore
[09/12/2017 12:26:10][20170504004609.000000+180][Salve killed Kalphite Queen] 1x Superantipoison(2)
[09/12/2017 12:26:10][20170504004609.000000+180][Salve killed Kalphite Queen] 165146x Coins
[09/12/2017 12:26:29][20170504004609.000000+180][Salve killed Kalphite Queen] 1x Super combat potion(2)
[09/12/2017 12:26:29][20170504004609.000000+180][Salve killed Kalphite Queen] 100x Grapes
[09/12/2017 12:26:48][20170504004609.000000+180][Salve killed Kalphite Queen] 2x Magic seed
[09/12/2017 12:26:48][20170504004609.000000+180][Salve killed Kalphite Queen] 1x Superantipoison(2)
[09/12/2017 12:27:07][20170504004609.000000+180][Salve killed Kalphite Queen] 2x Prayer potion(4)
[09/12/2017 12:27:07][20170504004609.000000+180][Salve killed Kalphite Queen] 25x Grimy toadflax
[09/12/2017 12:27:27][20170504004609.000000+180][Salve killed Kalphite Queen] 1x Super combat potion(2)
[09/12/2017 12:27:27][20170504004609.000000+180][Salve killed Kalphite Queen] 1x Super restore(4)
[09/12/2017 12:27:46][20170504004609.000000+180][Salve killed Kalphite Queen] 1x Super combat potion(2)
[09/12/2017 12:27:46][20170504004609.000000+180][Salve killed Kalphite Queen] 100x Potato cactus
[09/12/2017 12:28:05][20170504004609.000000+180][Salve killed Kalphite Queen] 2x Shark
[09/12/2017 12:28:05][20170504004609.000000+180][Salve killed Kalphite Queen] 25x Uncut ruby
[09/12/2017 12:28:24][20170504004609.000000+180][Salve killed Kalphite Queen] 1x Lava battlestaff
[09/12/2017 12:28:24][20170504004609.000000+180][Salve killed Kalphite Queen] 25x Uncut diamond
[09/12/2017 12:28:43][20170504004609.000000+180][Salve killed Kalphite Queen] 1x Red d'hide body
[09/12/2017 12:28:43][20170504004609.000000+180][Salve killed Kalphite Queen] 2x Torstol seed
[09/12/2017 12:29:03][20170504004609.000000+180][Salve killed Kalphite Queen] 25x Rune knife(p++)
[09/12/2017 12:29:03][20170504004609.000000+180][Salve killed Kalphite Queen] 1x Superantipoison(2)
[09/12/2017 12:29:22][20170504004609.000000+180][Salve killed Kalphite Queen] 2x Shark
[09/12/2017 12:29:22][20170504004609.000000+180][Salve killed Kalphite Queen] 239877x Coins
[09/12/2017 12:29:41][20170504004609.000000+180][Salve killed Kalphite Queen] 25x Uncut emerald
[09/12/2017 12:29:41][20170504004609.000000+180][Salve killed Kalphite Queen] 2x Magic seed
[09/12/2017 12:30:00][20170504004609.000000+180][Salve killed Kalphite Queen] 1x Super combat potion(2)
[09/12/2017 12:30:00][20170504004609.000000+180][Salve killed Kalphite Queen] 10x Battlestaff
[09/12/2017 12:30:20][20170504004609.000000+180][Salve killed Kalphite Queen] 1x Lava battlestaff
[09/12/2017 12:30:20][20170504004609.000000+180][Salve killed Kalphite Queen] 1x Saradomin brew(4)
[09/12/2017 12:30:39][20170504004609.000000+180][Salve killed Kalphite Queen] 1x Lava battlestaff
[09/12/2017 12:30:39][20170504004609.000000+180][Salve killed Kalphite Queen] 1x Superantipoison(2)
[09/12/2017 12:30:58][20170504004609.000000+180][Salve killed Kalphite Queen] 100x Grapes
[09/12/2017 12:30:58][20170504004609.000000+180][Salve killed Kalphite Queen] 100x Blood rune
[09/12/2017 12:31:17][20170504004609.000000+180][Salve killed Kalphite Queen] 25x Uncut ruby
[09/12/2017 12:31:17][20170504004609.000000+180][Salve killed Kalphite Queen] 250x Rune arrow
[09/12/2017 12:31:37][20170504004609.000000+180][Salve killed Kalphite Queen] 100x Grapes
[09/12/2017 12:31:37][20170504004609.000000+180][Salve killed Kalphite Queen] 206391x Coins
[09/12/2017 12:31:56][20170504004609.000000+180][Salve killed Kalphite Queen] 1x Rune chainbody
[09/12/2017 12:31:56][20170504004609.000000+180][Salve killed Kalphite Queen] 1x Super combat potion(2)
[09/12/2017 12:32:15][20170504004609.000000+180][Salve killed Kalphite Queen] 100x Potato cactus
[09/12/2017 12:32:15][20170504004609.000000+180][Salve killed Kalphite Queen] 60x Wine of zamorak
[09/12/2017 12:32:34][20170504004609.000000+180][Salve killed Kalphite Queen] 250x Gold ore
[09/12/2017 12:32:34][20170504004609.000000+180][Salve killed Kalphite Queen] 2x Prayer potion(4)
[09/12/2017 12:32:53][20170504004609.000000+180][Salve killed Kalphite Queen] 25x Uncut emerald
[09/12/2017 12:32:53][20170504004609.000000+180][Salve killed Kalphite Queen] 25x Grimy torstol
[09/12/2017 12:33:13][20170504004609.000000+180][Salve killed Kalphite Queen] 2x Shark
[09/12/2017 12:33:13][20170504004609.000000+180][Salve killed Kalphite Queen] 218025x Coins
[09/12/2017 12:33:32][20170504004609.000000+180][Salve killed Kalphite Queen] 25x Rune knife(p++)
[09/12/2017 12:33:32][20170504004609.000000+180][Salve killed Kalphite Queen] 25x Uncut emerald
[09/12/2017 12:33:51][20170504004609.000000+180][Salve killed Kalphite Queen] 25x Grimy torstol
[09/12/2017 12:33:51][20170504004609.000000+180][Salve killed Kalphite Queen] 172022x Coins
[09/12/2017 12:34:10][20170504004609.000000+180][Salve killed Kalphite Queen] 3x Runite bar
[09/12/2017 12:34:10][20170504004609.000000+180][Salve killed Kalphite Queen] 100x Grapes
[09/12/2017 12:34:30][20170504004609.000000+180][Salve killed Kalphite Queen] 1x Rune chainbody
[09/12/2017 12:34:30][20170504004609.000000+180][Salve killed Kalphite Queen] 100x Blood rune
[09/12/2017 12:34:49][20170504004609.000000+180][Salve killed Kalphite Queen] 1x Superantipoison(2)
[09/12/2017 12:34:49][20170504004609.000000+180][Salve killed Kalphite Queen] 25x Uncut ruby
[09/12/2017 12:35:08][20170504004609.000000+180][Salve killed Kalphite Queen] 1x Saradomin brew(4)
[09/12/2017 12:35:08][20170504004609.000000+180][Salve killed Kalphite Queen] 250x Gold ore
[09/12/2017 12:35:27][20170504004609.000000+180][Salve killed Kalphite Queen] 25x Uncut diamond
[09/12/2017 12:35:27][20170504004609.000000+180][Salve killed Kalphite Queen] 1x Ranging potion(3)
[09/12/2017 12:35:47][20170504004609.000000+180][Salve killed Kalphite Queen] 25x Uncut diamond
[09/12/2017 12:35:47][20170504004609.000000+180][Salve killed Kalphite Queen] 2x Dark crab
[09/12/2017 12:36:06][20170504004609.000000+180][Salve killed Kalphite Queen] 1x Red d'hide body
[09/12/2017 12:36:06][20170504004609.000000+180][Salve killed Kalphite Queen] 1x Ranging potion(3)
[09/12/2017 12:36:25][20170504004609.000000+180][Salve killed Kalphite Queen] 500x Mithril arrow
[09/12/2017 12:36:25][20170504004609.000000+180][Salve killed Kalphite Queen] 250x Gold ore
[09/12/2017 12:36:44][20170504004609.000000+180][Salve killed Kalphite Queen] 3x Empty spice shaker
[09/12/2017 12:36:44][20170504004609.000000+180][Salve killed Kalphite Queen] 250x Gold ore
[09/12/2017 12:37:03][20170504004609.000000+180][Salve killed Kalphite Queen] 211051x Coins
[09/12/2017 12:37:03][20170504004609.000000+180][Salve killed Kalphite Queen] 60x Wine of zamorak
[09/12/2017 12:37:23][20170504004609.000000+180][Salve killed Kalphite Queen] 193741x Coins
[09/12/2017 12:37:23][20170504004609.000000+180][Salve killed Kalphite Queen] 25x Uncut emerald
[09/12/2017 12:37:42][20170504004609.000000+180][Salve killed Kalphite Queen] 3x Empty spice shaker
[09/12/2017 12:37:42][20170504004609.000000+180][Salve killed Kalphite Queen] 2x Palm tree seed
[09/12/2017 12:38:01][20170504004609.000000+180][Salve killed Kalphite Queen] 1x Ranging potion(3)
[09/12/2017 12:38:01][20170504004609.000000+180][Salve killed Kalphite Queen] 169375x Coins
[09/12/2017 12:38:20][20170504004609.000000+180][Salve killed Kalphite Queen] 2x Palm tree seed
[09/12/2017 12:38:20][20170504004609.000000+180][Salve killed Kalphite Queen] 2x Magic seed
[09/12/2017 12:38:40][20170504004609.000000+180][Salve killed Kalphite Queen] 1x Superantipoison(2)
[09/12/2017 12:38:40][20170504004609.000000+180][Salve killed Kalphite Queen] 100x Blood rune
[09/12/2017 12:38:59][20170504004609.000000+180][Salve killed Kalphite Queen] 100x Potato cactus
[09/12/2017 12:38:59][20170504004609.000000+180][Salve killed Kalphite Queen] 1x Lava battlestaff
[09/12/2017 12:39:18][20170504004609.000000+180][Salve killed Kalphite Queen] 25x Uncut emerald
[09/12/2017 12:39:18][20170504004609.000000+180][Salve killed Kalphite Queen] 1x Super combat potion(2)
[09/12/2017 12:39:38][20170504004609.000000+180][Salve killed Kalphite Queen] 100x Grapes
[09/12/2017 12:39:38][20170504004609.000000+180][Salve killed Kalphite Queen] 1x Super combat potion(2)
[09/12/2017 12:39:57][20170504004609.000000+180][Salve killed Kalphite Queen] 500x Mithril arrow
[09/12/2017 12:39:57][20170504004609.000000+180][Salve killed Kalphite Queen] 10x Battlestaff
[09/12/2017 12:40:16][20170504004609.000000+180][Salve killed Kalphite Queen] 1x Red d'hide body
[09/12/2017 12:40:16][20170504004609.000000+180][Salve killed Kalphite Queen] 1x Superantipoison(2)
[09/12/2017 12:40:35][20170504004609.000000+180][Salve killed Kalphite Queen] 100x Potato cactus
[09/12/2017 12:40:35][20170504004609.000000+180][Salve killed Kalphite Queen] 100x Grapes
[09/12/2017 12:40:55][20170504004609.000000+180][Salve killed Kalphite Queen] 1x Clue scroll (elite)
[09/12/2017 12:40:55][20170504004609.000000+180][Salve killed Kalphite Queen] 25x Uncut emerald
[09/12/2017 12:41:14][20170504004609.000000+180][Salve killed Kalphite Queen] 161133x Coins
[09/12/2017 12:41:14][20170504004609.000000+180][Salve killed Kalphite Queen] 25x Uncut emerald
[09/12/2017 12:41:33][20170504004609.000000+180][Salve killed Kalphite Queen] 1x Super restore(4)
[09/12/2017 12:41:33][20170504004609.000000+180][Salve killed Kalphite Queen] 100x Potato cactus
[09/12/2017 12:41:52][20170504004609.000000+180][Salve killed Kalphite Queen] 100x Blood rune
[09/12/2017 12:41:52][20170504004609.000000+180][Salve killed Kalphite Queen] 1x Super combat potion(2)
[09/12/2017 12:42:12][20170504004609.000000+180][Salve killed Kalphite Queen] 250x Rune arrow
[09/12/2017 12:42:12][20170504004609.000000+180][Salve killed Kalphite Queen] 60x Wine of zamorak
[09/12/2017 12:42:31][20170504004609.000000+180][Salve killed Kalphite Queen] 25x Uncut ruby
[09/12/2017 12:42:31][20170504004609.000000+180][Salve killed Kalphite Queen] 100x Grapes
[09/12/2017 12:42:50][20170504004609.000000+180][Salve killed Kalphite Queen] 25x Rune knife(p++)
[09/12/2017 12:42:50][20170504004609.000000+180][Salve killed Kalphite Queen] 1x Lava battlestaff
[09/12/2017 12:43:09][20170504004609.000000+180][Salve killed Kalphite Queen] 1x Superantipoison(2)
[09/12/2017 12:43:09][20170504004609.000000+180][Salve killed Kalphite Queen] 250x Rune arrow
[09/12/2017 12:43:29][20170504004609.000000+180][Salve killed Kalphite Queen] 60x Magic logs
[09/12/2017 12:43:29][20170504004609.000000+180][Salve killed Kalphite Queen] 1x Red d'hide body
[09/12/2017 12:43:48][20170504004609.000000+180][Salve killed Kalphite Queen] 1x Red d'hide body
[09/12/2017 12:43:48][20170504004609.000000+180][Salve killed Kalphite Queen] 25x Rune knife(p++)
[09/12/2017 12:44:07][20170504004609.000000+180][Salve killed Kalphite Queen] 1x Super combat potion(2)
[09/12/2017 12:44:07][20170504004609.000000+180][Salve killed Kalphite Queen] 1x Rune chainbody
[09/12/2017 12:44:26][20170504004609.000000+180][Salve killed Kalphite Queen] 1x Super combat potion(2)
[09/12/2017 12:44:26][20170504004609.000000+180][Salve killed Kalphite Queen] 60x Wine of zamorak
[09/12/2017 12:44:46][20170504004609.000000+180][Salve killed Kalphite Queen] 1x Saradomin brew(4)
[09/12/2017 12:44:46][20170504004609.000000+180][Salve killed Kalphite Queen] 25x Uncut emerald
[09/12/2017 12:45:05][20170504004609.000000+180][Salve killed Kalphite Queen] 3x Empty spice shaker
[09/12/2017 12:45:05][20170504004609.000000+180][Salve killed Kalphite Queen] 250x Gold ore
[09/12/2017 12:45:24][20170504004609.000000+180][Salve killed Kalphite Queen] 3x Runite bar
[09/12/2017 12:45:24][20170504004609.000000+180][Salve killed Kalphite Queen] 250x Gold ore
[09/12/2017 12:45:43][20170504004609.000000+180][Salve killed Kalphite Queen] 1x Super combat potion(2)
[09/12/2017 12:45:43][20170504004609.000000+180][Salve killed Kalphite Queen] 100x Blood rune
[09/12/2017 12:46:03][20170504004609.000000+180][Salve killed Kalphite Queen] 25x Uncut diamond
[09/12/2017 12:46:03][20170504004609.000000+180][Salve killed Kalphite Queen] 2x Shark
[09/12/2017 12:46:22][20170504004609.000000+180][Salve killed Kalphite Queen] 3x Runite bar
[09/12/2017 12:46:22][20170504004609.000000+180][Salve killed Kalphite Queen] 60x Wine of zamorak
[09/12/2017 12:46:41][20170504004609.000000+180][Salve killed Kalphite Queen] 3x Runite bar
[09/12/2017 12:46:41][20170504004609.000000+180][Salve killed Kalphite Queen] 3x Empty spice shaker
[09/12/2017 12:47:00][20170504004609.000000+180][Salve killed Kalphite Queen] 1x Super combat potion(2)
[09/12/2017 12:47:00][20170504004609.000000+180][Salve killed Kalphite Queen] 2x Torstol seed
[09/12/2017 12:47:19][20170504004609.000000+180][Salve killed Kalphite Queen] 243746x Coins
[09/12/2017 12:47:19][20170504004609.000000+180][Salve killed Kalphite Queen] 25x Watermelon seed
[09/12/2017 12:47:39][20170504004609.000000+180][Salve killed Kalphite Queen] 25x Uncut diamond
[09/12/2017 12:47:39][20170504004609.000000+180][Salve killed Kalphite Queen] 2x Dark crab
[09/12/2017 12:47:58][20170504004609.000000+180][Salve killed Kalphite Queen] 182029x Coins
[09/12/2017 12:47:58][20170504004609.000000+180][Salve killed Kalphite Queen] 2x Torstol seed
[09/12/2017 12:48:17][20170504004609.000000+180][Salve killed Kalphite Queen] 233974x Coins
[09/12/2017 12:48:17][20170504004609.000000+180][Salve killed Kalphite Queen] 1x Super restore(4)
[09/12/2017 12:48:36][20170504004609.000000+180][Salve killed Kalphite Queen] 500x Mithril arrow
[09/12/2017 12:48:36][20170504004609.000000+180][Salve killed Kalphite Queen] 2x Palm tree seed
[09/12/2017 12:48:56][20170504004609.000000+180][Salve killed Kalphite Queen] 60x Wine of zamorak
[09/12/2017 12:48:56][20170504004609.000000+180][Salve killed Kalphite Queen] 25x Uncut ruby
[09/12/2017 12:49:15][20170504004609.000000+180][Salve killed Kalphite Queen] 3x Empty spice shaker
[09/12/2017 12:49:15][20170504004609.000000+180][Salve killed Kalphite Queen] 100x Blood rune
[09/12/2017 12:49:34][20170504004609.000000+180][Salve killed Kalphite Queen] 100x Blood rune
[09/12/2017 12:49:34][20170504004609.000000+180][Salve killed Kalphite Queen] 25x Grimy snapdragon
[09/12/2017 12:49:53][20170504004609.000000+180][Salve killed Kalphite Queen] 2x Magic seed
[09/12/2017 12:49:53][20170504004609.000000+180][Salve killed Kalphite Queen] 25x Grimy snapdragon
[09/12/2017 12:50:13][20170504004609.000000+180][Salve killed Kalphite Queen] 250x Gold ore
[09/12/2017 12:50:13][20170504004609.000000+180][Salve killed Kalphite Queen] 2x Shark
[09/12/2017 12:50:32][20170504004609.000000+180][Salve killed Kalphite Queen] 2x Dark crab
[09/12/2017 12:50:32][20170504004609.000000+180][Salve killed Kalphite Queen] 1x Superantipoison(2)
[09/12/2017 12:50:51][20170504004609.000000+180][Salve killed Kalphite Queen] 100x Blood rune
[09/12/2017 12:50:51][20170504004609.000000+180][Salve killed Kalphite Queen] 1x Superantipoison(2)
[09/12/2017 12:51:10][20170504004609.000000+180][Salve killed Kalphite Queen] 25x Uncut ruby
[09/12/2017 12:51:10][20170504004609.000000+180][Salve killed Kalphite Queen] 250x Rune arrow
[09/12/2017 12:51:30][20170504004609.000000+180][Salve killed Kalphite Queen] 2x Prayer potion(4)
[09/12/2017 12:51:30][20170504004609.000000+180][Salve killed Kalphite Queen] 60x Magic logs
[09/12/2017 12:51:49][20170504004609.000000+180][Salve killed Kalphite Queen] 25x Rune knife(p++)
[09/12/2017 12:51:49][20170504004609.000000+180][Salve killed Kalphite Queen] 25x Grimy snapdragon
[09/12/2017 12:52:08][20170504004609.000000+180][Salve killed Kalphite Queen] 250x Rune arrow
[09/12/2017 12:52:08][20170504004609.000000+180][Salve killed Kalphite Queen] 1x Red d'hide body
[09/12/2017 12:52:27][20170504004609.000000+180][Salve killed Kalphite Queen] 250x Gold ore
[09/12/2017 12:52:27][20170504004609.000000+180][Salve killed Kalphite Queen] 1x Ranging potion(3)
[09/12/2017 12:52:46][20170504004609.000000+180][Salve killed Kalphite Queen] 60x Wine of zamorak
[09/12/2017 12:52:46][20170504004609.000000+180][Salve killed Kalphite Queen] 250x Rune arrow
[09/12/2017 12:53:06][20170504004609.000000+180][Salve killed Kalphite Queen] 100x Grapes
[09/12/2017 12:53:06][20170504004609.000000+180][Salve killed Kalphite Queen] 1x Lava battlestaff
[09/12/2017 12:53:25][20170504004609.000000+180][Salve killed Kalphite Queen] 500x Mithril arrow
[09/12/2017 12:53:25][20170504004609.000000+180][Salve killed Kalphite Queen] 60x Wine of zamorak
[09/12/2017 12:53:44][20170504004609.000000+180][Salve killed Kalphite Queen] 250x Gold ore
[09/12/2017 12:53:44][20170504004609.000000+180][Salve killed Kalphite Queen] 60x Magic logs
[09/12/2017 12:54:03][20170504004609.000000+180][Salve killed Kalphite Queen] 100x Grapes
[09/12/2017 12:54:03][20170504004609.000000+180][Salve killed Kalphite Queen] 25x Grimy ranarr weed
[09/12/2017 12:54:23][20170504004609.000000+180][Salve killed Kalphite Queen] 100x Grapes
[09/12/2017 12:54:23][20170504004609.000000+180][Salve killed Kalphite Queen] 60x Wine of zamorak
[09/12/2017 12:54:42][20170504004609.000000+180][Salve killed Kalphite Queen] 1x Super combat potion(2)
[09/12/2017 12:54:42][20170504004609.000000+180][Salve killed Kalphite Queen] 1x Rune chainbody
[09/12/2017 12:55:01][20170504004609.000000+180][Salve killed Kalphite Queen] 2x Torstol seed
[09/12/2017 12:55:01][20170504004609.000000+180][Salve killed Kalphite Queen] 25x Uncut emerald
[09/12/2017 12:55:20][20170504004609.000000+180][Salve killed Kalphite Queen] 1x Superantipoison(2)
[09/12/2017 12:55:20][20170504004609.000000+180][Salve killed Kalphite Queen] 25x Uncut emerald
[09/12/2017 12:55:40][20170504004609.000000+180][Salve killed Kalphite Queen] 10x Battlestaff
[09/12/2017 12:55:40][20170504004609.000000+180][Salve killed Kalphite Queen] 221634x Coins
[09/12/2017 12:55:59][20170504004609.000000+180][Salve killed Kalphite Queen] 25x Uncut emerald
[09/12/2017 12:55:59][20170504004609.000000+180][Salve killed Kalphite Queen] 500x Mithril arrow
[09/12/2017 12:56:18][20170504004609.000000+180][Salve killed Kalphite Queen] 249489x Coins
[09/12/2017 12:56:18][20170504004609.000000+180][Salve killed Kalphite Queen] 100x Grapes
[09/12/2017 12:56:37][20170504004609.000000+180][Salve killed Kalphite Queen] 1x Super combat potion(2)
[09/12/2017 12:56:37][20170504004609.000000+180][Salve killed Kalphite Queen] 250x Gold ore
[09/12/2017 12:56:56][20170504004609.000000+180][Salve killed Kalphite Queen] 2x Torstol seed
[09/12/2017 12:56:56][20170504004609.000000+180][Salve killed Kalphite Queen] 60x Wine of zamorak
[09/12/2017 12:57:16][20170504004609.000000+180][Salve killed Kalphite Queen] 100x Blood rune
[09/12/2017 12:57:16][20170504004609.000000+180][Salve killed Kalphite Queen] 1x Rune chainbody
[09/12/2017 12:57:35][20170504004609.000000+180][Salve killed Kalphite Queen] 250x Gold ore
[09/12/2017 12:57:35][20170504004609.000000+180][Salve killed Kalphite Queen] 1x Ranging potion(3)
[09/12/2017 12:57:54][20170504004609.000000+180][Salve killed Kalphite Queen] 25x Grimy snapdragon
[09/12/2017 12:57:54][20170504004609.000000+180][Salve killed Kalphite Queen] 237177x Coins
[09/12/2017 12:58:13][20170504004609.000000+180][Salve killed Kalphite Queen] 3x Empty spice shaker
[09/12/2017 12:58:13][20170504004609.000000+180][Salve killed Kalphite Queen] 150692x Coins
[09/12/2017 12:58:33][20170504004609.000000+180][Salve killed Kalphite Queen] 100x Grapes
[09/12/2017 12:58:33][20170504004609.000000+180][Salve killed Kalphite Queen] 1x Lava battlestaff
[09/12/2017 12:58:52][20170504004609.000000+180][Salve killed Kalphite Queen] 1x Superantipoison(2)
[09/12/2017 12:58:52][20170504004609.000000+180][Salve killed Kalphite Queen] 250x Rune arrow
[09/12/2017 12:59:11][20170504004609.000000+180][Salve killed Kalphite Queen] 1x Superantipoison(2)
[09/12/2017 12:59:11][20170504004609.000000+180][Salve killed Kalphite Queen] 2x Shark
[09/12/2017 12:59:30][20170504004609.000000+180][Salve killed Kalphite Queen] 100x Potato cactus
[09/12/2017 12:59:30][20170504004609.000000+180][Salve killed Kalphite Queen] 3x Empty spice shaker
[09/12/2017 12:59:50][20170504004609.000000+180][Salve killed Kalphite Queen] 25x Uncut ruby
[09/12/2017 12:59:50][20170504004609.000000+180][Salve killed Kalphite Queen] 1x Saradomin brew(4)
[09/12/2017 13:00:09][20170504004609.000000+180][Salve killed Kalphite Queen] 3x Empty spice shaker
[09/12/2017 13:00:09][20170504004609.000000+180][Salve killed Kalphite Queen] 100x Grapes
[09/12/2017 13:00:28][20170504004609.000000+180][Salve killed Kalphite Queen] 2x Magic seed
[09/12/2017 13:00:28][20170504004609.000000+180][Salve killed Kalphite Queen] 25x Rune knife(p++)
[09/12/2017 13:00:47][20170504004609.000000+180][Salve killed Kalphite Queen] 100x Grapes
[09/12/2017 13:00:47][20170504004609.000000+180][Salve killed Kalphite Queen] 25x Uncut ruby
[09/12/2017 13:01:07][20170504004609.000000+180][Salve killed Kalphite Queen] 3x Empty spice shaker
[09/12/2017 13:01:07][20170504004609.000000+180][Salve killed Kalphite Queen] 2x Prayer potion(4)
[09/12/2017 13:01:26][20170504004609.000000+180][Salve killed Kalphite Queen] 1x Super combat potion(2)
[09/12/2017 13:01:26][20170504004609.000000+180][Salve killed Kalphite Queen] 2x Torstol seed
[09/12/2017 13:01:45][20170504004609.000000+180][Salve killed Kalphite Queen] 1x Superantipoison(2)
[09/12/2017 13:01:45][20170504004609.000000+180][Salve killed Kalphite Queen] 3x Empty spice shaker
[09/12/2017 13:02:04][20170504004609.000000+180][Salve killed Kalphite Queen] 25x Grimy ranarr weed
[09/12/2017 13:02:04][20170504004609.000000+180][Salve killed Kalphite Queen] 100x Grapes
[09/12/2017 13:02:23][20170504004609.000000+180][Salve killed Kalphite Queen] 25x Uncut ruby
[09/12/2017 13:02:23][20170504004609.000000+180][Salve killed Kalphite Queen] 60x Wine of zamorak
[09/12/2017 13:02:43][20170504004609.000000+180][Salve killed Kalphite Queen] 1x Lava battlestaff
[09/12/2017 13:02:43][20170504004609.000000+180][Salve killed Kalphite Queen] 2x Shark
[09/12/2017 13:03:02][20170504004609.000000+180][Salve killed Kalphite Queen] 2x Torstol seed
[09/12/2017 13:03:02][20170504004609.000000+180][Salve killed Kalphite Queen] 3x Empty spice shaker
[09/12/2017 13:03:21][20170504004609.000000+180][Salve killed Kalphite Queen] 2x Dark crab
[09/12/2017 13:03:21][20170504004609.000000+180][Salve killed Kalphite Queen] 60x Magic logs
[09/12/2017 13:03:40][20170504004609.000000+180][Salve killed Kalphite Queen] 25x Grimy toadflax
[09/12/2017 13:03:40][20170504004609.000000+180][Salve killed Kalphite Queen] 1x Superantipoison(2)
[09/12/2017 13:04:00][20170504004609.000000+180][Salve killed Kalphite Queen] 25x Grimy snapdragon
[09/12/2017 13:04:00][20170504004609.000000+180][Salve killed Kalphite Queen] 25x Uncut ruby
[09/12/2017 13:04:19][20170504004609.000000+180][Salve killed Kalphite Queen] 100x Blood rune
[09/12/2017 13:04:19][20170504004609.000000+180][Salve killed Kalphite Queen] 3x Empty spice shaker
[09/12/2017 13:04:38][20170504004609.000000+180][Salve killed Kalphite Queen] 100x Grapes
[09/12/2017 13:04:38][20170504004609.000000+180][Salve killed Kalphite Queen] 1x Super combat potion(2)
[09/12/2017 13:04:57][20170504004609.000000+180][Salve killed Kalphite Queen] 2x Shark
[09/12/2017 13:04:57][20170504004609.000000+180][Salve killed Kalphite Queen] 100x Blood rune
[09/12/2017 13:05:17][20170504004609.000000+180][Salve killed Kalphite Queen] 100x Potato cactus
[09/12/2017 13:05:17][20170504004609.000000+180][Salve killed Kalphite Queen] 180959x Coins
[09/12/2017 13:05:36][20170504004609.000000+180][Salve killed Kalphite Queen] 2x Prayer potion(4)
[09/12/2017 13:05:36][20170504004609.000000+180][Salve killed Kalphite Queen] 25x Grimy torstol
[09/12/2017 13:05:55][20170504004609.000000+180][Salve killed Kalphite Queen] 1x Super combat potion(2)
[09/12/2017 13:05:55][20170504004609.000000+180][Salve killed Kalphite Queen] 1x Lava battlestaff
[09/12/2017 13:06:14][20170504004609.000000+180][Salve killed Kalphite Queen] 2x Magic seed
[09/12/2017 13:06:14][20170504004609.000000+180][Salve killed Kalphite Queen] 237129x Coins
[09/12/2017 13:06:34][20170504004609.000000+180][Salve killed Kalphite Queen] 250x Rune arrow
[09/12/2017 13:06:34][20170504004609.000000+180][Salve killed Kalphite Queen] 25x Watermelon seed
[09/12/2017 13:06:53][20170504004609.000000+180][Salve killed Kalphite Queen] 1x Super restore(4)
[09/12/2017 13:06:53][20170504004609.000000+180][Salve killed Kalphite Queen] 1x Dragon 2h sword
[09/12/2017 13:07:12][20170504004609.000000+180][Salve killed Kalphite Queen] 1x Super restore(4)
[09/12/2017 13:07:12][20170504004609.000000+180][Salve killed Kalphite Queen] 203353x Coins
[09/12/2017 13:07:31][20170504004609.000000+180][Salve killed Kalphite Queen] 1x Ranging potion(3)
[09/12/2017 13:07:31][20170504004609.000000+180][Salve killed Kalphite Queen] 2x Dark crab
[09/12/2017 13:07:50][20170504004609.000000+180][Salve killed Kalphite Queen] 60x Magic logs
[09/12/2017 13:07:51][20170504004609.000000+180][Salve killed Kalphite Queen] 1x Lava battlestaff
[09/12/2017 13:08:10][20170504004609.000000+180][Salve killed Kalphite Queen] 2x Magic seed
[09/12/2017 13:08:10][20170504004609.000000+180][Salve killed Kalphite Queen] 2x Torstol seed
[09/12/2017 13:08:29][20170504004609.000000+180][Salve killed Kalphite Queen] 25x Uncut emerald
[09/12/2017 13:08:29][20170504004609.000000+180][Salve killed Kalphite Queen] 3x Runite bar
[09/12/2017 13:08:48][20170504004609.000000+180][Salve killed Kalphite Queen] 235697x Coins
[09/12/2017 13:08:48][20170504004609.000000+180][Salve killed Kalphite Queen] 1x Saradomin brew(4)
[09/12/2017 13:09:07][20170504004609.000000+180][Salve killed Kalphite Queen] 500x Mithril arrow
[09/12/2017 13:09:07][20170504004609.000000+180][Salve killed Kalphite Queen] 1x Lava battlestaff
[09/12/2017 13:09:27][20170504004609.000000+180][Salve killed Kalphite Queen] 100x Potato cactus
[09/12/2017 13:09:27][20170504004609.000000+180][Salve killed Kalphite Queen] 25x Watermelon seed
[09/12/2017 13:09:46][20170504004609.000000+180][Salve killed Kalphite Queen] 2x Magic seed
[09/12/2017 13:09:46][20170504004609.000000+180][Salve killed Kalphite Queen] 500x Mithril arrow
[09/12/2017 13:10:05][20170504004609.000000+180][Salve killed Kalphite Queen] 2x Prayer potion(4)
[09/12/2017 13:10:05][20170504004609.000000+180][Salve killed Kalphite Queen] 25x Grimy toadflax
[09/12/2017 13:10:24][20170504004609.000000+180][Salve killed Kalphite Queen] 2x Shark
[09/12/2017 13:10:24][20170504004609.000000+180][Salve killed Kalphite Queen] 1x Super combat potion(2)
[09/12/2017 13:10:44][20170504004609.000000+180][Salve killed Kalphite Queen] 100x Potato cactus
[09/12/2017 13:10:44][20170504004609.000000+180][Salve killed Kalphite Queen] 1x Super combat potion(2)
[09/12/2017 13:11:03][20170504004609.000000+180][Salve killed Kalphite Queen] 2x Papaya tree seed
[09/12/2017 13:11:03][20170504004609.000000+180][Salve killed Kalphite Queen] 100x Grapes
[09/12/2017 13:11:22][20170504004609.000000+180][Salve killed Kalphite Queen] 2x Prayer potion(4)
[09/12/2017 13:11:22][20170504004609.000000+180][Salve killed Kalphite Queen] 1x Super restore(4)
[09/12/2017 13:11:41][20170504004609.000000+180][Salve killed Kalphite Queen] 2x Shark
[09/12/2017 13:11:41][20170504004609.000000+180][Salve killed Kalphite Queen] 100x Blood rune
[09/12/2017 13:12:00][20170504004609.000000+180][Salve killed Kalphite Queen] 60x Magic logs
[09/12/2017 13:12:00][20170504004609.000000+180][Salve killed Kalphite Queen] 1x Ranging potion(3)
[09/12/2017 13:12:20][20170504004609.000000+180][Salve killed Kalphite Queen] 100x Potato cactus
[09/12/2017 13:12:20][20170504004609.000000+180][Salve killed Kalphite Queen] 25x Grimy snapdragon
[09/12/2017 13:12:39][20170504004609.000000+180][Salve killed Kalphite Queen] 250x Gold ore
[09/12/2017 13:12:39][20170504004609.000000+180][Salve killed Kalphite Queen] 10x Battlestaff
[09/12/2017 13:12:58][20170504004609.000000+180][Salve killed Kalphite Queen] 3x Runite bar
[09/12/2017 13:12:58][20170504004609.000000+180][Salve killed Kalphite Queen] 100x Potato cactus
[09/12/2017 13:13:17][20170504004609.000000+180][Salve killed Kalphite Queen] 10x Battlestaff
[09/12/2017 13:13:17][20170504004609.000000+180][Salve killed Kalphite Queen] 25x Grimy torstol
[09/12/2017 13:13:37][20170504004609.000000+180][Salve killed Kalphite Queen] 2x Shark
[09/12/2017 13:13:37][20170504004609.000000+180][Salve killed Kalphite Queen] 250x Gold ore
[09/12/2017 13:13:56][20170504004609.000000+180][Salve killed Kalphite Queen] 203680x Coins
[09/12/2017 13:13:56][20170504004609.000000+180][Salve killed Kalphite Queen] 1x Red d'hide body
[09/12/2017 13:14:15][20170504004609.000000+180][Salve killed Kalphite Queen] 215181x Coins
[09/12/2017 13:14:15][20170504004609.000000+180][Salve killed Kalphite Queen] 250x Gold ore
[09/12/2017 13:14:34][20170504004609.000000+180][Salve killed Kalphite Queen] 25x Watermelon seed
[09/12/2017 13:14:34][20170504004609.000000+180][Salve killed Kalphite Queen] 172656x Coins
[09/12/2017 13:14:54][20170504004609.000000+180][Salve killed Kalphite Queen] 1x Lava battlestaff
[09/12/2017 13:14:54][20170504004609.000000+180][Salve killed Kalphite Queen] 10x Battlestaff
[09/12/2017 13:15:13][20170504004609.000000+180][Salve killed Kalphite Queen] 25x Watermelon seed
[09/12/2017 13:15:13][20170504004609.000000+180][Salve killed Kalphite Queen] 3x Empty spice shaker
[09/12/2017 13:15:32][20170504004609.000000+180][Salve killed Kalphite Queen] 1x Super combat potion(2)
[09/12/2017 13:15:32][20170504004609.000000+180][Salve killed Kalphite Queen] 2x Prayer potion(4)
[09/12/2017 13:15:51][20170504004609.000000+180][Salve killed Kalphite Queen] 100x Grapes
[09/12/2017 13:15:51][20170504004609.000000+180][Salve killed Kalphite Queen] 1x Rune chainbody
[09/12/2017 13:16:10][20170504004609.000000+180][Salve killed Kalphite Queen] 3x Runite bar
[09/12/2017 13:16:10][20170504004609.000000+180][Salve killed Kalphite Queen] 25x Grimy snapdragon
[09/12/2017 13:16:29][20170504004609.000000+180][Salve killed Kalphite Queen] 25x Uncut diamond
[09/12/2017 13:16:29][20170504004609.000000+180][Salve killed Kalphite Queen] 1x Lava battlestaff
[09/12/2017 13:16:48][20170504004609.000000+180][Salve killed Kalphite Queen] 2x Shark
[09/12/2017 13:16:48][20170504004609.000000+180][Salve killed Kalphite Queen] 250x Rune arrow
[09/12/2017 13:17:08][20170504004609.000000+180][Salve killed Kalphite Queen] 25x Rune knife(p++)
[09/12/2017 13:17:08][20170504004609.000000+180][Salve killed Kalphite Queen] 25x Uncut ruby
[09/12/2017 13:17:27][20170504004609.000000+180][Salve killed Kalphite Queen] 1x Ranging potion(3)
[09/12/2017 13:17:27][20170504004609.000000+180][Salve killed Kalphite Queen] 1x Superantipoison(2)
[09/12/2017 13:17:46][20170504004609.000000+180][Salve killed Kalphite Queen] 25x Uncut emerald
[09/12/2017 13:17:46][20170504004609.000000+180][Salve killed Kalphite Queen] 25x Rune knife(p++)
[09/12/2017 13:18:05][20170504004609.000000+180][Salve killed Kalphite Queen] 2x Shark
[09/12/2017 13:18:05][20170504004609.000000+180][Salve killed Kalphite Queen] 250x Rune arrow
[09/12/2017 13:18:25][20170504004609.000000+180][Salve killed Kalphite Queen] 500x Mithril arrow
[09/12/2017 13:18:25][20170504004609.000000+180][Salve killed Kalphite Queen] 1x Super restore(4)
[09/12/2017 13:18:44][20170504004609.000000+180][Salve killed Kalphite Queen] 2x Magic seed
[09/12/2017 13:18:44][20170504004609.000000+180][Salve killed Kalphite Queen] 100x Grapes
[09/12/2017 13:19:03][20170504004609.000000+180][Salve killed Kalphite Queen] 1x Superantipoison(2)
[09/12/2017 13:19:03][20170504004609.000000+180][Salve killed Kalphite Queen] 25x Grimy torstol
[09/12/2017 13:19:22][20170504004609.000000+180][Salve killed Kalphite Queen] 3x Runite bar
[09/12/2017 13:19:22][20170504004609.000000+180][Salve killed Kalphite Queen] 2x Magic seed
[09/12/2017 13:19:41][20170504004609.000000+180][Salve killed Kalphite Queen] 500x Mithril arrow
[09/12/2017 13:19:41][20170504004609.000000+180][Salve killed Kalphite Queen] 1x Lava battlestaff
[09/12/2017 13:20:21][20170504004609.000000+180][Salve killed Kalphite Queen] 1x Red d'hide body
[09/12/2017 13:20:21][20170504004609.000000+180][Salve killed Kalphite Queen] 100x Blood rune
[09/12/2017 13:41:07][20170504004609.000000+180][Salve killed Kalphite Queen] 224724x Coins
[09/12/2017 13:41:07][20170504004609.000000+180][Salve killed Kalphite Queen] 25x Uncut diamond
[09/12/2017 13:49:09][20170504004609.000000+180][Salve killed Kalphite Queen] 25x Grimy snapdragon
[09/12/2017 13:49:09][20170504004609.000000+180][Salve killed Kalphite Queen] 25x Grimy torstol
[09/12/2017 14:22:27][20170504004609.000000+180][Salve killed Kalphite Queen] 1x Lava battlestaff
[09/12/2017 14:22:27][20170504004609.000000+180][Salve killed Kalphite Queen] 1x Saradomin brew(4)
[09/12/2017 14:22:49][20170504004609.000000+180][Salve killed Kalphite Queen] 60x Wine of zamorak
[09/12/2017 14:22:49][20170504004609.000000+180][Salve killed Kalphite Queen] 60x Magic logs
[09/12/2017 14:25:30][20170504004609.000000+180][Salve killed Kalphite Queen] 1x Ranging potion(3)
[09/12/2017 14:25:30][20170504004609.000000+180][Salve killed Kalphite Queen] 25x Uncut diamond
[09/12/2017 14:30:47][20170504004609.000000+180][Salve killed Kalphite Queen] 2x Prayer potion(4)
[09/12/2017 14:30:47][20170504004609.000000+180][Salve killed Kalphite Queen] 25x Grimy snapdragon
[09/12/2017 14:32:43][20170504004609.000000+180][Salve killed Kalphite Queen] 100x Blood rune
[09/12/2017 14:32:43][20170504004609.000000+180][Salve killed Kalphite Queen] 25x Uncut diamond
[09/12/2017 14:32:54][20170504004609.000000+180][Salve killed Rock Crab] 128x Coins
[09/12/2017 14:32:54][20170504004609.000000+180][Salve killed Rock Crab] 2x Coal
[09/12/2017 14:34:38][20170504004609.000000+180][Salve killed Rock Crab] 234x Coins
[09/12/2017 14:36:08][20170504004609.000000+180][Salve killed Rock Crab] 293x Coins
[09/12/2017 14:36:08][20170504004609.000000+180][Salve killed Rock Crab] 3x Tin ore
[09/12/2017 14:36:51][20170504004609.000000+180][Salve killed Rock Crab] 303x Coins
[09/12/2017 14:36:51][20170504004609.000000+180][Salve killed Rock Crab] 1x Bronze pickaxe
[09/12/2017 14:37:04][20170504004609.000000+180][Salve killed Kalphite Queen] 1x Super combat potion(2)
[09/12/2017 14:37:04][20170504004609.000000+180][Salve killed Kalphite Queen] 1x Red d'hide body
[09/12/2017 14:38:00][20170504004609.000000+180][Salve killed Kalphite Queen] 100x Blood rune
[09/12/2017 14:38:00][20170504004609.000000+180][Salve killed Kalphite Queen] 250x Gold ore
[09/12/2017 14:39:02][20170504004609.000000+180][Salve killed Kalphite Queen] 60x Wine of zamorak
[09/12/2017 14:39:02][20170504004609.000000+180][Salve killed Kalphite Queen] 2x Prayer potion(4)
[09/12/2017 14:39:35][20170504004609.000000+180][Salve killed Kalphite Queen] 3x Runite bar
[09/12/2017 14:39:35][20170504004609.000000+180][Salve killed Kalphite Queen] 1x Lava battlestaff
[09/12/2017 14:40:17][20170504004609.000000+180][Salve killed Kalphite Queen] 3x Runite bar
[09/12/2017 14:40:17][20170504004609.000000+180][Salve killed Kalphite Queen] 25x Rune knife(p++)
[09/12/2017 14:42:08][20170504004609.000000+180][Salve killed Kalphite Queen] 3x Runite bar
[09/12/2017 14:42:08][20170504004609.000000+180][Salve killed Kalphite Queen] 25x Grimy ranarr weed
[09/12/2017 14:42:34][20170504004609.000000+180][Salve killed Kalphite Queen] 25x Uncut ruby
[09/12/2017 14:42:34][20170504004609.000000+180][Salve killed Kalphite Queen] 25x Uncut emerald
[09/12/2017 14:43:15][20170504004609.000000+180][Salve killed Kalphite Queen] 25x Watermelon seed
[09/12/2017 14:43:15][20170504004609.000000+180][Salve killed Kalphite Queen] 60x Wine of zamorak
[09/12/2017 14:43:41][20170504004609.000000+180][Salve killed Kalphite Queen] 218970x Coins
[09/12/2017 14:43:41][20170504004609.000000+180][Salve killed Kalphite Queen] 25x Watermelon seed
[09/12/2017 14:44:08][20170504004609.000000+180][Salve killed Kalphite Queen] 1x Super restore(4)
[09/12/2017 14:44:08][20170504004609.000000+180][Salve killed Kalphite Queen] 100x Blood rune
[09/13/2017 02:44:43][20170504004609.000000+180][Salve killed Black demon] 1x Ashes
[09/13/2017 03:00:18][20170504004609.000000+180][Salve killed Bardur] 1x Bones
[09/13/2017 03:00:18][20170504004609.000000+180][Salve killed Bardur] 7x Bronze arrow
[09/13/2017 03:30:13][20170504004609.000000+180][Salve killed Blue dragon] 1x Dragon bones
[09/13/2017 03:30:13][20170504004609.000000+180][Salve killed Blue dragon] 1x Blue dragonhide
[09/13/2017 03:34:54][20170504004609.000000+180][Salve killed Chaos druid] 1x Bones
[09/13/2017 03:34:54][20170504004609.000000+180][Salve killed Chaos druid] 1x Grimy harralander
[09/13/2017 03:34:59][20170504004609.000000+180][Salve killed Chaos druid] 1x Bones
[09/13/2017 03:34:59][20170504004609.000000+180][Salve killed Chaos druid] 1x Grimy harralander
[09/13/2017 03:35:03][20170504004609.000000+180][Salve killed Chaos druid] 1x Bones
[09/13/2017 03:35:03][20170504004609.000000+180][Salve killed Chaos druid] 3x Air rune
[09/13/2017 03:35:05][20170504004609.000000+180][Salve killed Chaos druid] 1x Bones
[09/13/2017 03:35:05][20170504004609.000000+180][Salve killed Chaos druid] 5x Earth rune
[09/13/2017 03:35:07][20170504004609.000000+180][Salve killed Chaos druid] 1x Bones
[09/13/2017 03:35:07][20170504004609.000000+180][Salve killed Chaos druid] 1x Grimy tarromin
[09/13/2017 03:35:07][20170504004609.000000+180][Salve killed Chaos druid] 1x Grimy dwarf weed
[09/13/2017 03:35:09][20170504004609.000000+180][Salve killed Chaos druid] 1x Bones
[09/13/2017 03:35:09][20170504004609.000000+180][Salve killed Chaos druid] 1x Chaos rune
[09/13/2017 03:35:09][20170504004609.000000+180][Salve killed Chaos druid] 1x Grimy marrentill
[09/13/2017 03:35:12][20170504004609.000000+180][Salve killed Chaos druid] 1x Bones
[09/13/2017 03:35:12][20170504004609.000000+180][Salve killed Chaos druid] 1x Grimy harralander
[09/13/2017 03:35:12][20170504004609.000000+180][Salve killed Chaos druid] 1x Grimy marrentill
[09/13/2017 03:35:14][20170504004609.000000+180][Salve killed Chaos druid] 1x Bones
[09/13/2017 03:35:14][20170504004609.000000+180][Salve killed Chaos druid] 1x Grimy harralander
[09/13/2017 03:35:14][20170504004609.000000+180][Salve killed Chaos druid] 1x Grimy guam leaf
[09/13/2017 03:35:43][20170504004609.000000+180][Salve killed Ghost] 1x Ashes
[09/13/2017 03:35:43][20170504004609.000000+180][Salve killed Ghost] 1x Grimy kwuarm
[09/13/2017 03:47:57][20170504004609.000000+180][Salve killed Chaos druid] 1x Bones
[09/13/2017 03:48:11][20170504004609.000000+180][Salve killed Chaos druid] 1x Bones
[09/13/2017 03:49:26][20170504004609.000000+180][Salve killed Black demon] 1x Ashes
[09/13/2017 03:49:36][20170504004609.000000+180][Salve killed Black demon] 1x Ashes
[09/13/2017 03:49:38][20170504004609.000000+180][Salve killed Black demon] 1x Ashes
[09/13/2017 03:49:51][20170504004609.000000+180][Salve killed Black demon] 1x Ashes
[09/13/2017 03:49:51][20170504004609.000000+180][Salve killed Black demon] 1x Grimy marrentill
[09/13/2017 03:50:05][20170504004609.000000+180][Salve killed Black demon] 1x Ashes
[09/13/2017 03:50:05][20170504004609.000000+180][Salve killed Black demon] 1x Grimy guam leaf
[09/13/2017 03:50:11][20170504004609.000000+180][Salve killed Black demon] 1x Ashes
[09/13/2017 03:50:11][20170504004609.000000+180][Salve killed Black demon] 1x Grimy tarromin
[09/13/2017 03:50:17][20170504004609.000000+180][Salve killed Black demon] 1x Ashes
[09/13/2017 03:50:17][20170504004609.000000+180][Salve killed Black demon] 50x Air rune
[09/13/2017 04:39:08][20170504004609.000000+180][Salve killed Al-Kharid warrior] 1x Bones
[09/13/2017 04:39:08][20170504004609.000000+180][Salve killed Al-Kharid warrior] 9x Bronze bolts
