[09/17/2017 17:55:58][System Serial Number20170704064114.000000+120][Alpha] picked up 1x Casket from Alpha at [2404,5099,0]
[09/17/2017 18:02:14][System Serial Number20170704064114.000000+120][Alpha] picked up 1x Casket from Alpha at [2397,5072,0]
[09/17/2017 18:14:21][System Serial Number20170704064114.000000+120][Alpha] picked up 1x Rune platebody from Alpha at [2851,3541,0]
[09/17/2017 18:14:22][System Serial Number20170704064114.000000+120][Alpha] picked up 1x Rune platelegs from Alpha at [2851,3541,0]
[09/17/2017 18:14:22][System Serial Number20170704064114.000000+120][Alpha] picked up 1x Rune full helm from Alpha at [2851,3541,0]
[09/17/2017 18:14:23][System Serial Number20170704064114.000000+120][Alpha] picked up 40x Warrior guild token from Alpha at [2851,3541,0]
[09/17/2017 18:15:07][System Serial Number20170704064114.000000+120][Alpha] picked up 1x Bronze platebody from Alpha at [2851,3540,0]
[09/17/2017 18:15:07][System Serial Number20170704064114.000000+120][Alpha] picked up 1x Bronze platelegs from Alpha at [2851,3540,0]
[09/17/2017 18:15:08][System Serial Number20170704064114.000000+120][Alpha] picked up 1x Bronze full helm from Alpha at [2851,3540,0]
[09/17/2017 18:15:09][System Serial Number20170704064114.000000+120][Alpha] picked up 5x Warrior guild token from Alpha at [2851,3540,0]
[09/17/2017 18:16:13][System Serial Number20170704064114.000000+120][Alpha] picked up 1x Iron platebody from Alpha at [2851,3540,0]
[09/17/2017 18:16:13][System Serial Number20170704064114.000000+120][Alpha] picked up 1x Iron platelegs from Alpha at [2851,3540,0]
[09/17/2017 18:16:14][System Serial Number20170704064114.000000+120][Alpha] picked up 1x Iron full helm from Alpha at [2851,3540,0]
[09/17/2017 18:16:15][System Serial Number20170704064114.000000+120][Alpha] picked up 10x Warrior guild token from Alpha at [2851,3540,0]
[09/17/2017 18:16:16][System Serial Number20170704064114.000000+120][Alpha] picked up 1x Steel platebody from Alpha at [2851,3541,0]
[09/17/2017 18:16:16][System Serial Number20170704064114.000000+120][Alpha] picked up 1x Steel platelegs from Alpha at [2851,3541,0]
[09/17/2017 18:16:17][System Serial Number20170704064114.000000+120][Alpha] picked up 1x Steel full helm from Alpha at [2851,3541,0]
[09/17/2017 18:16:18][System Serial Number20170704064114.000000+120][Alpha] picked up 15x Warrior guild token from Alpha at [2851,3541,0]
[09/17/2017 18:16:52][System Serial Number20170704064114.000000+120][Alpha] picked up 1x Mithril platebody from Alpha at [2851,3540,0]
[09/17/2017 18:16:53][System Serial Number20170704064114.000000+120][Alpha] picked up 1x Mithril platelegs from Alpha at [2851,3540,0]
[09/17/2017 18:16:54][System Serial Number20170704064114.000000+120][Alpha] picked up 1x Mithril full helm from Alpha at [2851,3540,0]
[09/17/2017 18:16:54][System Serial Number20170704064114.000000+120][Alpha] picked up 25x Warrior guild token from Alpha at [2851,3540,0]
[09/17/2017 18:17:30][System Serial Number20170704064114.000000+120][Alpha] picked up 1x Adamant platebody from Alpha at [2851,3540,0]
[09/17/2017 18:17:31][System Serial Number20170704064114.000000+120][Alpha] picked up 1x Adamant platelegs from Alpha at [2851,3540,0]
[09/17/2017 18:17:31][System Serial Number20170704064114.000000+120][Alpha] picked up 1x Adamant full helm from Alpha at [2851,3540,0]
[09/17/2017 18:17:32][System Serial Number20170704064114.000000+120][Alpha] picked up 30x Warrior guild token from Alpha at [2851,3540,0]
[09/17/2017 18:17:54][System Serial Number20170704064114.000000+120][Alpha] picked up 1x Rune platebody from Alpha at [2857,3540,0]
[09/17/2017 18:17:55][System Serial Number20170704064114.000000+120][Alpha] picked up 1x Rune platelegs from Alpha at [2857,3540,0]
[09/17/2017 18:17:55][System Serial Number20170704064114.000000+120][Alpha] picked up 1x Rune full helm from Alpha at [2857,3540,0]
[09/17/2017 18:17:56][System Serial Number20170704064114.000000+120][Alpha] picked up 40x Warrior guild token from Alpha at [2857,3540,0]
[09/17/2017 18:18:18][System Serial Number20170704064114.000000+120][Alpha] picked up 1x Bronze platebody from Alpha at [2857,3539,0]
[09/17/2017 18:18:18][System Serial Number20170704064114.000000+120][Alpha] picked up 1x Bronze platelegs from Alpha at [2857,3539,0]
[09/17/2017 18:18:19][System Serial Number20170704064114.000000+120][Alpha] picked up 1x Bronze full helm from Alpha at [2857,3539,0]
[09/17/2017 18:18:21][System Serial Number20170704064114.000000+120][Alpha] picked up 5x Warrior guild token from Alpha at [2857,3539,0]
[09/17/2017 18:18:32][System Serial Number20170704064114.000000+120][Alpha] picked up 1x Steel platebody from Alpha at [2857,3540,0]
[09/17/2017 18:18:33][System Serial Number20170704064114.000000+120][Alpha] picked up 1x Steel platelegs from Alpha at [2857,3540,0]
[09/17/2017 18:18:33][System Serial Number20170704064114.000000+120][Alpha] picked up 1x Steel full helm from Alpha at [2857,3540,0]
[09/17/2017 18:18:34][System Serial Number20170704064114.000000+120][Alpha] picked up 15x Warrior guild token from Alpha at [2857,3540,0]
[09/17/2017 18:18:42][System Serial Number20170704064114.000000+120][Alpha] picked up 1x Mithril platebody from Alpha at [2857,3541,0]
[09/17/2017 18:18:43][System Serial Number20170704064114.000000+120][Alpha] picked up 1x Mithril platelegs from Alpha at [2857,3541,0]
[09/17/2017 18:18:43][System Serial Number20170704064114.000000+120][Alpha] picked up 1x Mithril full helm from Alpha at [2857,3541,0]
[09/17/2017 18:18:44][System Serial Number20170704064114.000000+120][Alpha] picked up 25x Warrior guild token from Alpha at [2857,3541,0]
[09/17/2017 18:19:02][System Serial Number20170704064114.000000+120][Alpha] picked up 1x Adamant platebody from Alpha at [2857,3541,0]
[09/17/2017 18:19:03][System Serial Number20170704064114.000000+120][Alpha] picked up 1x Adamant platelegs from Alpha at [2857,3541,0]
[09/17/2017 18:19:03][System Serial Number20170704064114.000000+120][Alpha] picked up 1x Adamant full helm from Alpha at [2857,3541,0]
[09/17/2017 18:19:04][System Serial Number20170704064114.000000+120][Alpha] picked up 30x Warrior guild token from Alpha at [2857,3541,0]
[09/17/2017 18:20:48][System Serial Number20170704064114.000000+120][Alpha] picked up 1x Casket from Alpha at [2864,3540,2]
[09/17/2017 18:21:25][System Serial Number20170704064114.000000+120][Alpha] picked up 1x Casket from Alpha at [2855,3550,2]
