[09/17/2017 14:01:41][Default string20170611144721.000000+060][Charlie] picked up 1x Fighter torso from Charlie at [1643,3670,0]
[09/17/2017 14:01:42][Default string20170611144721.000000+060][Charlie] picked up 1x Amulet of glory(4) from Charlie at [1643,3670,0]
[09/17/2017 14:01:42][Default string20170611144721.000000+060][Charlie] picked up 1x Helm of neitiznot from Charlie at [1643,3670,0]
[09/17/2017 14:01:43][Default string20170611144721.000000+060][Charlie] picked up 1x Berserker ring from Charlie at [1643,3670,0]
[09/17/2017 14:01:44][Default string20170611144721.000000+060][Charlie] picked up 1x Manta ray from Charlie at [1643,3670,0]
[09/17/2017 14:01:44][Default string20170611144721.000000+060][Charlie] picked up 1x Manta ray from Charlie at [1643,3670,0]
[09/17/2017 14:01:46][Default string20170611144721.000000+060][Charlie] picked up 1x Manta ray from Charlie at [1643,3670,0]
[09/17/2017 14:01:47][Default string20170611144721.000000+060][Charlie] picked up 1x Manta ray from Charlie at [1643,3670,0]
[09/17/2017 14:01:47][Default string20170611144721.000000+060][Charlie] picked up 1x Super strength(2) from Charlie at [1643,3670,0]
[09/17/2017 14:01:48][Default string20170611144721.000000+060][Charlie] picked up 1x Prayer potion(3) from Charlie at [1643,3670,0]
[09/17/2017 14:01:48][Default string20170611144721.000000+060][Charlie] picked up 1x Prayer potion(3) from Charlie at [1643,3670,0]
[09/17/2017 14:01:49][Default string20170611144721.000000+060][Charlie] picked up 1x Prayer potion(3) from Charlie at [1643,3670,0]
[09/17/2017 14:01:51][Default string20170611144721.000000+060][Charlie] picked up 1x Manta ray from Charlie at [1643,3670,0]
[09/17/2017 14:01:51][Default string20170611144721.000000+060][Charlie] picked up 1x Manta ray from Charlie at [1643,3670,0]
[09/17/2017 14:01:52][Default string20170611144721.000000+060][Charlie] picked up 1x Manta ray from Charlie at [1643,3670,0]
[09/17/2017 14:01:53][Default string20170611144721.000000+060][Charlie] picked up 1x Manta ray from Charlie at [1643,3670,0]
[09/17/2017 14:01:56][Default string20170611144721.000000+060][Charlie] picked up 1x Cape of legends from Charlie at [1643,3670,0]
[09/17/2017 14:01:57][Default string20170611144721.000000+060][Charlie] picked up 1x Manta ray from Charlie at [1643,3670,0]
[09/17/2017 14:01:57][Default string20170611144721.000000+060][Charlie] picked up 1x Manta ray from Charlie at [1643,3670,0]
[09/17/2017 14:01:58][Default string20170611144721.000000+060][Charlie] picked up 100x Bronze arrow from Charlie at [1643,3670,0]
[09/17/2017 14:02:00][Default string20170611144721.000000+060][Charlie] picked up 1x Climbing boots from Charlie at [1643,3670,0]
[09/17/2017 14:03:59][Default string20170611144721.000000+060][Charlie] picked up 1x Fremennik blade from Charlie at [2325,3799,0]
[09/17/2017 14:04:15][Default string20170611144721.000000+060][Charlie] picked up 1x Fremennik blade from Charlie at [2317,3807,0]
[09/17/2017 14:07:00][Default string20170611144721.000000+060][Charlie] picked up 10x Mort'ton teleport from Charlie at [2203,3056,0]
[09/17/2017 14:07:01][Default string20170611144721.000000+060][Charlie] picked up 5x Pest control teleport from Charlie at [2203,3056,0]
[09/17/2017 14:07:03][Default string20170611144721.000000+060][Charlie] picked up 5x Barrows teleport from Charlie at [2203,3056,0]
[09/17/2017 14:07:14][Default string20170611144721.000000+060][Charlie] picked up 1x Paddewwa teleport from Charlie at [2203,3056,0]
[09/17/2017 14:07:16][Default string20170611144721.000000+060][Charlie] picked up 5x Senntisten teleport from Charlie at [2203,3056,0]
[09/17/2017 14:07:17][Default string20170611144721.000000+060][Charlie] picked up 5x Kharyrll teleport from Charlie at [2203,3056,0]
[09/17/2017 14:07:18][Default string20170611144721.000000+060][Charlie] picked up 5x Lassar teleport from Charlie at [2203,3056,0]
[09/17/2017 14:20:23][Default string20170611144721.000000+060][Charlie] picked up 1x Paddewwa teleport from Charlie at [3493,3477,0]
[09/17/2017 14:20:41][Default string20170611144721.000000+060][Charlie] picked up 1x Manta ray from Charlie at [1643,3670,0]
[09/17/2017 14:33:20][Default string20170611144721.000000+060][Charlie] picked up 5x Sandworms from  at [3171,3949,0]
[09/17/2017 14:33:24][Default string20170611144721.000000+060][Charlie] picked up 5x Dark fishing bait from  at [3173,3943,0]
[09/17/2017 14:35:14][Default string20170611144721.000000+060][Charlie] picked up 2x Dark fishing bait from Charlie at [3180,3939,0]
[09/17/2017 14:35:31][Default string20170611144721.000000+060][Charlie] picked up 97608563x Coins from Charlie at [3179,3939,0]
