[09/17/2017 17:29:48][98HUM7ZUPN94304174300020150807221332.000000+060][Karl Walsh] picked up 10000x Dragon arrow from Achieve High at [1645,3675,0]
[09/17/2017 17:29:49][98HUM7ZUPN94304174300020150807221332.000000+060][Karl Walsh] picked up 1x Twisted bow from Achieve High at [1645,3675,0]
[09/17/2017 17:32:49][98HUM7ZUPN94304174300020150807221332.000000+060][Karl Walsh] picked up 1x Bandos chestplate from Alpha at [1645,3672,0]
[09/17/2017 17:39:37][98HUM7ZUPN94304174300020150807221332.000000+060][Karl Walsh] picked up 2146999838x Coins from Feud at [1647,3671,0]
[09/17/2017 17:46:40][98HUM7ZUPN94304174300020150807221332.000000+060][Karl Walsh] picked up 436x Blood money from Karl Walsh at [3255,3919,0]
[09/17/2017 17:50:43][98HUM7ZUPN94304174300020150807221332.000000+060][Karl Walsh] picked up 99996x Dragon bolts (e) from Karl Walsh at [2985,4383,2]
[09/17/2017 17:50:45][98HUM7ZUPN94304174300020150807221332.000000+060][Karl Walsh] picked up 1x Barrows gloves from Karl Walsh at [2985,4383,2]
[09/17/2017 17:50:45][98HUM7ZUPN94304174300020150807221332.000000+060][Karl Walsh] picked up 1x Ava's max cape from Karl Walsh at [2985,4383,2]
[09/17/2017 17:50:46][98HUM7ZUPN94304174300020150807221332.000000+060][Karl Walsh] picked up 1x Pegasian boots from Karl Walsh at [2985,4383,2]
[09/17/2017 17:50:46][98HUM7ZUPN94304174300020150807221332.000000+060][Karl Walsh] picked up 1x Odium ward from Karl Walsh at [2985,4383,2]
[09/17/2017 17:50:47][98HUM7ZUPN94304174300020150807221332.000000+060][Karl Walsh] picked up 1x Archers ring from Karl Walsh at [2985,4383,2]
[09/17/2017 17:50:48][98HUM7ZUPN94304174300020150807221332.000000+060][Karl Walsh] picked up 1x Ranging potion(4) from Karl Walsh at [2985,4383,2]
[09/17/2017 17:50:48][98HUM7ZUPN94304174300020150807221332.000000+060][Karl Walsh] picked up 1x Ranging potion(4) from Karl Walsh at [2985,4383,2]
[09/17/2017 17:50:55][98HUM7ZUPN94304174300020150807221332.000000+060][Karl Walsh] picked up 1x Ranging potion(2) from Karl Walsh at [2985,4383,2]
[09/17/2017 17:50:55][98HUM7ZUPN94304174300020150807221332.000000+060][Karl Walsh] picked up 1x Shark from Karl Walsh at [2985,4383,2]
[09/17/2017 17:50:56][98HUM7ZUPN94304174300020150807221332.000000+060][Karl Walsh] picked up 1x Shark from Karl Walsh at [2985,4383,2]
[09/17/2017 17:50:57][98HUM7ZUPN94304174300020150807221332.000000+060][Karl Walsh] picked up 1x Shark from Karl Walsh at [2985,4383,2]
[09/17/2017 17:50:57][98HUM7ZUPN94304174300020150807221332.000000+060][Karl Walsh] picked up 1x Shark from Karl Walsh at [2985,4383,2]
[09/17/2017 17:50:58][98HUM7ZUPN94304174300020150807221332.000000+060][Karl Walsh] picked up 1x Shark from Karl Walsh at [2985,4383,2]
[09/17/2017 17:50:58][98HUM7ZUPN94304174300020150807221332.000000+060][Karl Walsh] picked up 1x Shark from Karl Walsh at [2985,4383,2]
[09/17/2017 17:50:59][98HUM7ZUPN94304174300020150807221332.000000+060][Karl Walsh] picked up 1x Shark from Karl Walsh at [2985,4383,2]
[09/17/2017 17:51:00][98HUM7ZUPN94304174300020150807221332.000000+060][Karl Walsh] picked up 1x Shark from Karl Walsh at [2985,4383,2]
[09/17/2017 17:51:00][98HUM7ZUPN94304174300020150807221332.000000+060][Karl Walsh] picked up 1x Shark from Karl Walsh at [2985,4383,2]
[09/17/2017 17:51:01][98HUM7ZUPN94304174300020150807221332.000000+060][Karl Walsh] picked up 1x Shark from Karl Walsh at [2985,4383,2]
[09/17/2017 17:51:01][98HUM7ZUPN94304174300020150807221332.000000+060][Karl Walsh] picked up 1x Shark from Karl Walsh at [2985,4383,2]
[09/17/2017 17:51:02][98HUM7ZUPN94304174300020150807221332.000000+060][Karl Walsh] picked up 1x Shark from Karl Walsh at [2985,4383,2]
[09/17/2017 17:51:03][98HUM7ZUPN94304174300020150807221332.000000+060][Karl Walsh] picked up 1x Shark from Karl Walsh at [2985,4383,2]
[09/17/2017 17:51:03][98HUM7ZUPN94304174300020150807221332.000000+060][Karl Walsh] picked up 1x Shark from Karl Walsh at [2985,4383,2]
[09/17/2017 17:51:04][98HUM7ZUPN94304174300020150807221332.000000+060][Karl Walsh] picked up 1x Shark from Karl Walsh at [2985,4383,2]
[09/17/2017 17:51:04][98HUM7ZUPN94304174300020150807221332.000000+060][Karl Walsh] picked up 1x Shark from Karl Walsh at [2985,4383,2]
[09/17/2017 17:51:05][98HUM7ZUPN94304174300020150807221332.000000+060][Karl Walsh] picked up 1x Ranging potion(3) from Karl Walsh at [2985,4383,2]
[09/17/2017 17:51:06][98HUM7ZUPN94304174300020150807221332.000000+060][Karl Walsh] picked up 1x Prayer potion(4) from Karl Walsh at [2985,4383,2]
[09/17/2017 17:51:06][98HUM7ZUPN94304174300020150807221332.000000+060][Karl Walsh] picked up 1x Prayer potion(4) from Karl Walsh at [2985,4383,2]
[09/17/2017 18:04:19][98HUM7ZUPN94304174300020150807221332.000000+060][Karl Walsh] picked up 1x Bandos chestplate from Karl Walsh at [2986,3830,0]
[09/17/2017 18:04:23][98HUM7ZUPN94304174300020150807221332.000000+060][Karl Walsh] picked up 1x Anglerfish from Karl Walsh at [2986,3830,0]
[09/17/2017 18:04:26][98HUM7ZUPN94304174300020150807221332.000000+060][Karl Walsh] picked up 1x Tanzanite helm (uncharged) from Karl Walsh at [2986,3830,0]
[09/17/2017 18:04:43][98HUM7ZUPN94304174300020150807221332.000000+060][Karl Walsh] picked up 1x Elder maul from Karl Walsh at [2986,3830,0]
[09/17/2017 18:04:50][98HUM7ZUPN94304174300020150807221332.000000+060][Karl Walsh] picked up 44444366x Zulrah's scales from Karl Walsh at [2986,3830,0]
[09/17/2017 18:04:58][98HUM7ZUPN94304174300020150807221332.000000+060][Karl Walsh] picked up 1x Bandos tassets from Karl Walsh at [2986,3830,0]
[09/17/2017 18:05:02][98HUM7ZUPN94304174300020150807221332.000000+060][Karl Walsh] picked up 44444366x Zulrah's scales from Karl Walsh at [2986,3830,0]
[09/17/2017 18:05:09][98HUM7ZUPN94304174300020150807221332.000000+060][Karl Walsh] picked up 1x Tormented bracelet from Karl Walsh at [2986,3830,0]
[09/17/2017 18:05:31][98HUM7ZUPN94304174300020150807221332.000000+060][Karl Walsh] picked up 1x Amulet of torture (or) from Karl Walsh at [2986,3830,0]
[09/17/2017 18:05:35][98HUM7ZUPN94304174300020150807221332.000000+060][Karl Walsh] picked up 1x Anglerfish from Karl Walsh at [2986,3830,0]
[09/17/2017 18:05:36][98HUM7ZUPN94304174300020150807221332.000000+060][Karl Walsh] picked up 1x Anglerfish from Karl Walsh at [2986,3830,0]
[09/17/2017 18:05:44][98HUM7ZUPN94304174300020150807221332.000000+060][Karl Walsh] picked up 1x Primordial boots from Karl Walsh at [2986,3830,0]
[09/17/2017 18:05:57][98HUM7ZUPN94304174300020150807221332.000000+060][Karl Walsh] picked up 1x Super combat potion(4) from Karl Walsh at [2986,3830,0]
[09/17/2017 18:06:01][98HUM7ZUPN94304174300020150807221332.000000+060][Karl Walsh] picked up 1x Anglerfish from Karl Walsh at [2986,3830,0]
[09/17/2017 18:06:10][98HUM7ZUPN94304174300020150807221332.000000+060][Karl Walsh] picked up 1x Anglerfish from Karl Walsh at [2986,3830,0]
[09/17/2017 18:06:11][98HUM7ZUPN94304174300020150807221332.000000+060][Karl Walsh] picked up 1x Anglerfish from Karl Walsh at [2986,3830,0]
[09/17/2017 18:06:12][98HUM7ZUPN94304174300020150807221332.000000+060][Karl Walsh] picked up 1x Anglerfish from Karl Walsh at [2986,3830,0]
[09/17/2017 18:06:13][98HUM7ZUPN94304174300020150807221332.000000+060][Karl Walsh] picked up 1x Anglerfish from Karl Walsh at [2986,3830,0]
[09/17/2017 18:06:14][98HUM7ZUPN94304174300020150807221332.000000+060][Karl Walsh] picked up 1x Anglerfish from Karl Walsh at [2986,3830,0]
[09/17/2017 18:06:15][98HUM7ZUPN94304174300020150807221332.000000+060][Karl Walsh] picked up 1x Anglerfish from Karl Walsh at [2986,3830,0]
[09/17/2017 18:06:16][98HUM7ZUPN94304174300020150807221332.000000+060][Karl Walsh] picked up 1x Anglerfish from Karl Walsh at [2986,3830,0]
[09/17/2017 18:06:18][98HUM7ZUPN94304174300020150807221332.000000+060][Karl Walsh] picked up 1x Anglerfish from Karl Walsh at [2986,3830,0]
[09/17/2017 18:06:20][98HUM7ZUPN94304174300020150807221332.000000+060][Karl Walsh] picked up 1x Anglerfish from Karl Walsh at [2986,3830,0]
[09/17/2017 18:06:22][98HUM7ZUPN94304174300020150807221332.000000+060][Karl Walsh] picked up 1x Shark from Karl Walsh at [2986,3830,0]
[09/17/2017 18:06:22][98HUM7ZUPN94304174300020150807221332.000000+060][Karl Walsh] picked up 1x Shark from Karl Walsh at [2986,3830,0]
[09/17/2017 18:06:23][98HUM7ZUPN94304174300020150807221332.000000+060][Karl Walsh] picked up 1x Shark from Karl Walsh at [2986,3830,0]
[09/17/2017 18:06:23][98HUM7ZUPN94304174300020150807221332.000000+060][Karl Walsh] picked up 1x Shark from Karl Walsh at [2986,3830,0]
[09/17/2017 18:06:24][98HUM7ZUPN94304174300020150807221332.000000+060][Karl Walsh] picked up 1x Shark from Karl Walsh at [2986,3830,0]
[09/17/2017 18:06:25][98HUM7ZUPN94304174300020150807221332.000000+060][Karl Walsh] picked up 1x Shark from Karl Walsh at [2986,3830,0]
[09/17/2017 18:07:44][98HUM7ZUPN94304174300020150807221332.000000+060][Karl Walsh] picked up 1x Shark from Karl Walsh at [2986,3830,0]
[09/17/2017 18:07:45][98HUM7ZUPN94304174300020150807221332.000000+060][Karl Walsh] picked up 1x Shark from Karl Walsh at [2986,3830,0]
[09/17/2017 18:07:46][98HUM7ZUPN94304174300020150807221332.000000+060][Karl Walsh] picked up 1x Shark from Karl Walsh at [2986,3830,0]
[09/17/2017 18:08:05][98HUM7ZUPN94304174300020150807221332.000000+060][Karl Walsh] picked up 1x Shark from Karl Walsh at [2986,3830,0]
[09/17/2017 18:08:07][98HUM7ZUPN94304174300020150807221332.000000+060][Karl Walsh] picked up 1x Shark from Karl Walsh at [2986,3830,0]
[09/17/2017 18:08:07][98HUM7ZUPN94304174300020150807221332.000000+060][Karl Walsh] picked up 1x Shark from Karl Walsh at [2986,3830,0]
[09/17/2017 18:08:08][98HUM7ZUPN94304174300020150807221332.000000+060][Karl Walsh] picked up 1x Shark from Karl Walsh at [2986,3830,0]
[09/17/2017 18:08:09][98HUM7ZUPN94304174300020150807221332.000000+060][Karl Walsh] picked up 1x Shark from Karl Walsh at [2986,3830,0]
[09/17/2017 18:08:11][98HUM7ZUPN94304174300020150807221332.000000+060][Karl Walsh] picked up 1x Shark from Karl Walsh at [2986,3830,0]
