[09/12/2017 07:55:17][20170504004609.000000+180][Salve] picked up 1x Bird nest from Salve at [1628,3677,0]
[09/12/2017 11:22:14][20170504004609.000000+180][Salve] picked up 1x Mysterious emblem from Salve at [3093,3504,0]
[09/12/2017 12:01:19][20170504004609.000000+180][Salve] picked up 3x Rune arrow from Salve at [3481,9490,0]
[09/12/2017 12:25:53][20170504004609.000000+180][Salve] picked up 250x Gold ore from Salve at [3485,9492,0]
[09/12/2017 12:25:53][20170504004609.000000+180][Salve] picked up 1x Super combat potion(2) from Salve at [3485,9492,0]
[09/12/2017 12:26:11][20170504004609.000000+180][Salve] picked up 165146x Coins from Salve at [3485,9492,0]
[09/12/2017 12:26:12][20170504004609.000000+180][Salve] picked up 1x Superantipoison(2) from Salve at [3485,9492,0]
[09/12/2017 12:52:51][20170504004609.000000+180][Salve] picked up 3x Empty spice shaker from Salve at [3485,9492,0]
[09/12/2017 12:53:20][20170504004609.000000+180][Salve] picked up 100x Grapes from Salve at [3485,9492,0]
[09/12/2017 12:53:22][20170504004609.000000+180][Salve] picked up 750x Rune arrow from Salve at [3485,9492,0]
[09/12/2017 12:53:24][20170504004609.000000+180][Salve] picked up 100x Blood rune from Salve at [3485,9492,0]
[09/12/2017 12:53:26][20170504004609.000000+180][Salve] picked up 250x Gold ore from Salve at [3485,9492,0]
[09/12/2017 12:53:27][20170504004609.000000+180][Salve] picked up 250x Gold ore from Salve at [3485,9492,0]
[09/12/2017 12:53:27][20170504004609.000000+180][Salve] picked up 60x Magic logs from Salve at [3485,9492,0]
[09/12/2017 12:53:28][20170504004609.000000+180][Salve] picked up 1x Lava battlestaff from Salve at [3485,9492,0]
[09/12/2017 12:53:29][20170504004609.000000+180][Salve] picked up 500x Mithril arrow from Salve at [3485,9492,0]
[09/12/2017 12:53:29][20170504004609.000000+180][Salve] picked up 1x Red d'hide body from Salve at [3485,9492,0]
[09/12/2017 12:53:30][20170504004609.000000+180][Salve] picked up 25x Rune knife(p++) from Salve at [3485,9492,0]
[09/12/2017 12:53:30][20170504004609.000000+180][Salve] picked up 25x Uncut ruby from Salve at [3485,9492,0]
[09/12/2017 12:53:31][20170504004609.000000+180][Salve] picked up 2x Magic seed from Salve at [3485,9492,0]
[09/12/2017 12:53:32][20170504004609.000000+180][Salve] picked up 2x Dark crab from Salve at [3485,9492,0]
[09/12/2017 12:53:32][20170504004609.000000+180][Salve] picked up 2x Shark from Salve at [3485,9492,0]
[09/12/2017 12:53:33][20170504004609.000000+180][Salve] picked up 1x Ranging potion(3) from Salve at [3485,9492,0]
[09/12/2017 12:53:33][20170504004609.000000+180][Salve] picked up 1x Superantipoison(2) from Salve at [3485,9492,0]
[09/12/2017 12:53:34][20170504004609.000000+180][Salve] picked up 1x Superantipoison(2) from Salve at [3485,9492,0]
[09/12/2017 12:53:35][20170504004609.000000+180][Salve] picked up 2x Prayer potion(4) from Salve at [3485,9492,0]
[09/12/2017 12:53:35][20170504004609.000000+180][Salve] picked up 120x Wine of zamorak from Salve at [3485,9492,0]
[09/12/2017 12:53:36][20170504004609.000000+180][Salve] picked up 1x Casket from Salve at [3485,9492,0]
[09/12/2017 12:53:36][20170504004609.000000+180][Salve] picked up 25x Grimy snapdragon from Salve at [3485,9492,0]
[09/12/2017 12:53:47][20170504004609.000000+180][Salve] picked up 250x Gold ore from Salve at [3485,9492,0]
[09/12/2017 12:53:47][20170504004609.000000+180][Salve] picked up 60x Magic logs from Salve at [3485,9492,0]
[09/12/2017 12:54:05][20170504004609.000000+180][Salve] picked up 100x Grapes from Salve at [3485,9492,0]
[09/12/2017 12:54:05][20170504004609.000000+180][Salve] picked up 25x Grimy ranarr weed from Salve at [3485,9492,0]
[09/12/2017 12:57:54][20170504004609.000000+180][Salve] picked up 10x Battlestaff from Salve at [3485,9492,0]
[09/12/2017 12:57:55][20170504004609.000000+180][Salve] picked up 1x Rune chainbody from Salve at [3485,9492,0]
[09/12/2017 12:57:55][20170504004609.000000+180][Salve] picked up 1x Rune chainbody from Salve at [3485,9492,0]
[09/12/2017 12:57:56][20170504004609.000000+180][Salve] picked up 471123x Coins from Salve at [3485,9492,0]
[09/12/2017 12:57:57][20170504004609.000000+180][Salve] picked up 100x Blood rune from Salve at [3485,9492,0]
[09/12/2017 12:57:57][20170504004609.000000+180][Salve] picked up 237177x Coins from Salve at [3485,9492,0]
[09/12/2017 12:57:58][20170504004609.000000+180][Salve] picked up 75x Uncut emerald from Salve at [3485,9492,0]
[09/12/2017 12:57:58][20170504004609.000000+180][Salve] picked up 4x Torstol seed from Salve at [3485,9492,0]
[09/12/2017 12:57:59][20170504004609.000000+180][Salve] picked up 1x Ranging potion(3) from Salve at [3485,9492,0]
[09/12/2017 12:58:00][20170504004609.000000+180][Salve] picked up 1x Superantipoison(2) from Salve at [3485,9492,0]
[09/12/2017 12:58:00][20170504004609.000000+180][Salve] picked up 100x Grapes from Salve at [3485,9492,0]
[09/12/2017 12:58:01][20170504004609.000000+180][Salve] picked up 1x Super combat potion(2) from Salve at [3485,9492,0]
[09/12/2017 12:58:01][20170504004609.000000+180][Salve] picked up 1x Super combat potion(2) from Salve at [3485,9492,0]
[09/12/2017 12:58:02][20170504004609.000000+180][Salve] picked up 25x Grimy snapdragon from Salve at [3485,9492,0]
[09/12/2017 12:58:15][20170504004609.000000+180][Salve] picked up 150692x Coins from Salve at [3485,9492,0]
[09/12/2017 12:59:30][20170504004609.000000+180][Salve] picked up 250x Rune arrow from Salve at [3485,9492,0]
[09/12/2017 12:59:30][20170504004609.000000+180][Salve] picked up 1x Lava battlestaff from Salve at [3485,9492,0]
[09/12/2017 12:59:35][20170504004609.000000+180][Salve] picked up 100x Potato cactus from Salve at [3485,9492,0]
[09/12/2017 13:00:15][20170504004609.000000+180][Salve] picked up 25x Uncut ruby from Salve at [3485,9492,0]
[09/12/2017 13:00:16][20170504004609.000000+180][Salve] picked up 1x Saradomin brew(4) from Salve at [3485,9492,0]
[09/12/2017 13:00:18][20170504004609.000000+180][Salve] picked up 1x Casket from Salve at [3485,9492,0]
[09/12/2017 13:00:19][20170504004609.000000+180][Salve] picked up 1x Casket from Salve at [3485,9492,0]
[09/12/2017 13:00:30][20170504004609.000000+180][Salve] picked up 25x Rune knife(p++) from Salve at [3485,9492,0]
[09/12/2017 13:00:31][20170504004609.000000+180][Salve] picked up 2x Magic seed from Salve at [3485,9492,0]
[09/12/2017 13:00:51][20170504004609.000000+180][Salve] picked up 25x Uncut ruby from Salve at [3485,9492,0]
[09/12/2017 13:00:53][20170504004609.000000+180][Salve] picked up 100x Grapes from Salve at [3485,9492,0]
[09/12/2017 13:01:40][20170504004609.000000+180][Salve] picked up 2x Torstol seed from Salve at [3485,9492,0]
[09/12/2017 14:25:39][20170504004609.000000+180][Salve] picked up 25x Uncut diamond from Salve at [1641,3672,0]
[09/12/2017 14:25:39][20170504004609.000000+180][Salve] picked up 1x Ranging potion(3) from Salve at [1641,3672,0]
[09/12/2017 14:30:49][20170504004609.000000+180][Salve] picked up 2x Prayer potion(4) from Salve at [1645,3672,0]
[09/12/2017 14:30:50][20170504004609.000000+180][Salve] picked up 25x Grimy snapdragon from Salve at [1645,3672,0]
[09/12/2017 14:32:45][20170504004609.000000+180][Salve] picked up 100x Blood rune from Salve at [1644,3672,0]
[09/12/2017 14:32:45][20170504004609.000000+180][Salve] picked up 25x Uncut diamond from Salve at [1644,3672,0]
[09/12/2017 14:39:04][20170504004609.000000+180][Salve] picked up 2x Prayer potion(4) from Salve at [1645,3674,0]
[09/12/2017 14:39:05][20170504004609.000000+180][Salve] picked up 60x Wine of zamorak from Salve at [1645,3674,0]
[09/12/2017 14:42:10][20170504004609.000000+180][Salve] picked up 3x Runite bar from Salve at [1645,3673,0]
[09/12/2017 14:42:10][20170504004609.000000+180][Salve] picked up 25x Grimy ranarr weed from Salve at [1645,3673,0]
[09/12/2017 14:42:36][20170504004609.000000+180][Salve] picked up 25x Uncut ruby from Salve at [1645,3673,0]
[09/12/2017 14:42:37][20170504004609.000000+180][Salve] picked up 25x Uncut emerald from Salve at [1645,3673,0]
[09/12/2017 14:43:28][20170504004609.000000+180][Salve] picked up 25x Watermelon seed from Salve at [1645,3673,0]
[09/12/2017 14:43:29][20170504004609.000000+180][Salve] picked up 60x Wine of zamorak from Salve at [1645,3673,0]
[09/12/2017 14:43:43][20170504004609.000000+180][Salve] picked up 218970x Coins from Salve at [1645,3673,0]
[09/12/2017 14:43:44][20170504004609.000000+180][Salve] picked up 25x Watermelon seed from Salve at [1645,3673,0]
[09/12/2017 14:44:10][20170504004609.000000+180][Salve] picked up 100x Blood rune from Salve at [1645,3673,0]
[09/12/2017 14:44:11][20170504004609.000000+180][Salve] picked up 1x Super restore(4) from Salve at [1645,3673,0]
[09/13/2017 03:35:18][20170504004609.000000+180][Salve] picked up 1x Grimy marrentill from Salve at [2931,9846,0]
[09/13/2017 03:35:20][20170504004609.000000+180][Salve] picked up 1x Grimy harralander from Salve at [2930,9847,0]
[09/13/2017 03:35:21][20170504004609.000000+180][Salve] picked up 1x Grimy harralander from Salve at [2931,9846,0]
[09/13/2017 03:35:23][20170504004609.000000+180][Salve] picked up 5x Earth rune from Salve at [2934,9847,0]
[09/13/2017 03:35:24][20170504004609.000000+180][Salve] picked up 1x Grimy tarromin from Salve at [2935,9846,0]
[09/13/2017 03:35:25][20170504004609.000000+180][Salve] picked up 1x Grimy dwarf weed from Salve at [2935,9846,0]
[09/13/2017 03:35:27][20170504004609.000000+180][Salve] picked up 1x Grimy harralander from Salve at [2935,9846,0]
[09/13/2017 03:35:27][20170504004609.000000+180][Salve] picked up 1x Grimy guam leaf from Salve at [2935,9846,0]
[09/13/2017 03:35:29][20170504004609.000000+180][Salve] picked up 1x Chaos rune from Salve at [2937,9845,0]
[09/13/2017 03:35:30][20170504004609.000000+180][Salve] picked up 1x Grimy marrentill from Salve at [2937,9845,0]
[09/13/2017 03:35:34][20170504004609.000000+180][Salve] picked up 1x Grimy harralander from Salve at [2927,9843,0]
[09/13/2017 03:47:59][20170504004609.000000+180][Salve] picked up 1x Looting bag from Salve at [3113,9928,0]
[09/13/2017 04:23:58][20170504004609.000000+180][Salve] picked up 5x Dark fishing bait from  at [3171,3949,0]
[09/13/2017 05:04:58][20170504004609.000000+180][Salve] picked up 20x Fire orb from Salve at [1240,1251,0]
[09/13/2017 05:05:00][20170504004609.000000+180][Salve] picked up 15x Wine of zamorak from Salve at [1239,1250,0]
[09/13/2017 05:09:21][20170504004609.000000+180][Salve] picked up 1x Unholy symbol from Salve at [1240,1251,0]
[09/13/2017 05:09:22][20170504004609.000000+180][Salve] picked up 5x Uncut diamond from Salve at [1240,1249,0]
[09/13/2017 05:09:33][20170504004609.000000+180][Salve] picked up 20x Fire orb from Salve at [1241,1249,0]
[09/13/2017 05:21:54][20170504004609.000000+180][Salve] picked up 15x Wine of zamorak from Salve at [1240,1247,0]
[09/13/2017 05:22:24][20170504004609.000000+180][Salve] picked up 20x Dragon bones from Salve at [1241,1249,0]
[09/13/2017 05:23:13][20170504004609.000000+180][Salve] picked up 15x Wine of zamorak from Salve at [1243,1248,0]
[09/13/2017 05:25:49][20170504004609.000000+180][Salve] picked up 6x Battlestaff from Salve at [1240,1244,0]
[09/13/2017 05:56:18][20170504004609.000000+180][Salve] picked up 1x Saradomin page 3 from Salve at [1632,3666,0]
[09/13/2017 05:56:25][20170504004609.000000+180][Salve] picked up 1x Saradomin page 2 from Salve at [1632,3666,0]
[09/13/2017 06:02:28][20170504004609.000000+180][Salve] picked up 1x Extra supply crate from Salve at [1632,3666,0]
[09/13/2017 10:08:17][20170504004609.000000+180][Salve] picked up 20x Dragon bones from Salve at [1240,1251,0]
[09/14/2017 11:51:05][20170504004609.000000+180][Salve] picked up 5x Grimy snapdragon from Salve at [2927,5329,2]
[09/15/2017 19:56:26][20170504004609.000000+180][Salve] picked up 1x Bird nest from Salve at [1642,3673,0]
[09/15/2017 19:58:15][20170504004609.000000+180][Salve] picked up 1x Bird nest from Salve at [1639,3673,0]
[09/16/2017 21:16:51][20170504004609.000000+180][Salve] picked up 30x Dragon bones from Salve at [2267,3068,0]
[09/16/2017 21:16:51][20170504004609.000000+180][Salve] picked up 183x Zulrah's scales from Salve at [2267,3068,0]
[09/16/2017 21:16:54][20170504004609.000000+180][Salve] picked up 500x Chaos rune from Salve at [2267,3068,0]
[09/16/2017 21:16:55][20170504004609.000000+180][Salve] picked up 1x Dragon dart from Salve at [2266,3069,0]
[09/16/2017 21:16:56][20170504004609.000000+180][Salve] picked up 5x Dragon dart from Salve at [2266,3070,0]
[09/16/2017 21:16:57][20170504004609.000000+180][Salve] picked up 6x Dragon dart from Salve at [2267,3070,0]
[09/16/2017 21:16:59][20170504004609.000000+180][Salve] picked up 4x Dragon dart from Salve at [2265,3070,0]
[09/16/2017 21:28:55][20170504004609.000000+180][Salve] picked up 1x Ashes from Salve at [1240,1251,0]
[09/16/2017 21:28:57][20170504004609.000000+180][Salve] picked up 1x Ashes from Salve at [1240,1251,0]
[09/16/2017 21:28:57][20170504004609.000000+180][Salve] picked up 50x Ashes from Salve at [1240,1251,0]
[09/16/2017 21:28:58][20170504004609.000000+180][Salve] picked up 1x Ashes from Salve at [1240,1251,0]
[09/16/2017 21:41:30][20170504004609.000000+180][Salve] picked up 10x Battlestaff from Salve at [3696,5807,0]
[09/17/2017 15:22:53][20170504004609.000000+180][Salve] picked up 1x Spade from  at [3562,3313,0]
[09/17/2017 15:30:45][20170504004609.000000+180][Salve] picked up 1x Spade from  at [3562,3313,0]
