[09/17/2017 17:36:19][5CD5353MHX20170616182151.000000-240][Wisethat] picked up 1x Ring of wealth (i) from Achieve High at [1645,3675,0]
[09/17/2017 17:41:13][5CD5353MHX20170616182151.000000-240][Wisethat] picked up 1x Bandos chestplate from Karl Walsh at [1646,3673,0]
[09/17/2017 17:41:16][5CD5353MHX20170616182151.000000-240][Wisethat] picked up 1x Amulet of glory(4) from Feud at [1647,3671,0]
[09/17/2017 17:41:18][5CD5353MHX20170616182151.000000-240][Wisethat] picked up 1x Necklace of anguish from Wisethat at [1646,3676,0]
[09/17/2017 17:51:06][5CD5353MHX20170616182151.000000-240][Wisethat] picked up 100x Bronze arrow from Wisethat at [2990,4383,2]
[09/17/2017 17:51:09][5CD5353MHX20170616182151.000000-240][Wisethat] picked up 1x Fire cape from Wisethat at [2990,4383,2]
[09/17/2017 17:51:11][5CD5353MHX20170616182151.000000-240][Wisethat] picked up 1x Fire cape from Wisethat at [2990,4383,2]
[09/17/2017 17:51:12][5CD5353MHX20170616182151.000000-240][Wisethat] picked up 1x Ring of wealth (i) from Wisethat at [2990,4383,2]
[09/17/2017 17:51:13][5CD5353MHX20170616182151.000000-240][Wisethat] picked up 1x Ring of dueling(8) from Wisethat at [2990,4383,2]
[09/17/2017 17:51:13][5CD5353MHX20170616182151.000000-240][Wisethat] picked up 1x Manta ray from Wisethat at [2990,4383,2]
[09/17/2017 17:51:14][5CD5353MHX20170616182151.000000-240][Wisethat] picked up 1x Manta ray from Wisethat at [2990,4383,2]
[09/17/2017 17:51:22][5CD5353MHX20170616182151.000000-240][Wisethat] picked up 1x Manta ray from Wisethat at [2990,4383,2]
[09/17/2017 17:51:33][5CD5353MHX20170616182151.000000-240][Wisethat] picked up 1x Manta ray from Wisethat at [2990,4383,2]
[09/17/2017 17:52:52][5CD5353MHX20170616182151.000000-240][Wisethat] picked up 1x Manta ray from Wisethat at [2990,4383,2]
[09/17/2017 17:52:53][5CD5353MHX20170616182151.000000-240][Wisethat] picked up 1x Dragon defender from Wisethat at [2990,4383,2]
[09/17/2017 17:52:54][5CD5353MHX20170616182151.000000-240][Wisethat] picked up 1x Fire cape from Wisethat at [2990,4383,2]
[09/17/2017 17:52:54][5CD5353MHX20170616182151.000000-240][Wisethat] picked up 1x Ring of wealth (i) from Wisethat at [2990,4383,2]
[09/17/2017 17:52:55][5CD5353MHX20170616182151.000000-240][Wisethat] picked up 1x Rune boots from Wisethat at [2990,4383,2]
[09/17/2017 17:52:55][5CD5353MHX20170616182151.000000-240][Wisethat] picked up 1x Ring of dueling(8) from Wisethat at [2990,4383,2]
[09/17/2017 17:52:56][5CD5353MHX20170616182151.000000-240][Wisethat] picked up 1x Manta ray from Wisethat at [2990,4383,2]
[09/17/2017 17:52:57][5CD5353MHX20170616182151.000000-240][Wisethat] picked up 1x Manta ray from Wisethat at [2990,4383,2]
[09/17/2017 17:52:57][5CD5353MHX20170616182151.000000-240][Wisethat] picked up 1x Manta ray from Wisethat at [2990,4383,2]
[09/17/2017 17:52:58][5CD5353MHX20170616182151.000000-240][Wisethat] picked up 1x Manta ray from Wisethat at [2990,4383,2]
[09/17/2017 17:52:58][5CD5353MHX20170616182151.000000-240][Wisethat] picked up 1x Manta ray from Wisethat at [2990,4383,2]
[09/17/2017 17:52:59][5CD5353MHX20170616182151.000000-240][Wisethat] picked up 1x Manta ray from Wisethat at [2990,4383,2]
[09/17/2017 17:53:03][5CD5353MHX20170616182151.000000-240][Wisethat] picked up 1x Manta ray from Wisethat at [2990,4383,2]
[09/17/2017 17:53:04][5CD5353MHX20170616182151.000000-240][Wisethat] picked up 1x Manta ray from Wisethat at [2990,4383,2]
[09/17/2017 17:53:04][5CD5353MHX20170616182151.000000-240][Wisethat] picked up 1x Manta ray from Wisethat at [2990,4383,2]
[09/17/2017 17:53:05][5CD5353MHX20170616182151.000000-240][Wisethat] picked up 1x Manta ray from Wisethat at [2990,4383,2]
[09/17/2017 17:53:08][5CD5353MHX20170616182151.000000-240][Wisethat] picked up 1x Manta ray from Wisethat at [2990,4383,2]
[09/17/2017 17:53:09][5CD5353MHX20170616182151.000000-240][Wisethat] picked up 1x Manta ray from Wisethat at [2990,4383,2]
[09/17/2017 17:53:09][5CD5353MHX20170616182151.000000-240][Wisethat] picked up 1x Manta ray from Wisethat at [2990,4383,2]
[09/17/2017 17:53:10][5CD5353MHX20170616182151.000000-240][Wisethat] picked up 1x Manta ray from Wisethat at [2990,4383,2]
[09/17/2017 17:53:10][5CD5353MHX20170616182151.000000-240][Wisethat] picked up 1x Manta ray from Wisethat at [2990,4383,2]
[09/17/2017 17:53:11][5CD5353MHX20170616182151.000000-240][Wisethat] picked up 1x Manta ray from Wisethat at [2990,4383,2]
[09/17/2017 17:53:12][5CD5353MHX20170616182151.000000-240][Wisethat] picked up 1x Manta ray from Wisethat at [2990,4383,2]
[09/17/2017 17:53:15][5CD5353MHX20170616182151.000000-240][Wisethat] picked up 1x Manta ray from Wisethat at [2990,4383,2]
[09/17/2017 17:53:15][5CD5353MHX20170616182151.000000-240][Wisethat] picked up 1x Manta ray from Wisethat at [2990,4383,2]
[09/17/2017 17:53:16][5CD5353MHX20170616182151.000000-240][Wisethat] picked up 1x Manta ray from Wisethat at [2990,4383,2]
[09/17/2017 17:53:16][5CD5353MHX20170616182151.000000-240][Wisethat] picked up 1x Manta ray from Wisethat at [2990,4383,2]
[09/17/2017 17:53:23][5CD5353MHX20170616182151.000000-240][Wisethat] picked up 1x Super strength(3) from Wisethat at [2990,4383,2]
[09/17/2017 17:53:26][5CD5353MHX20170616182151.000000-240][Wisethat] picked up 1x Super strength(2) from Wisethat at [2990,4383,2]
[09/17/2017 17:53:27][5CD5353MHX20170616182151.000000-240][Wisethat] picked up 1x Super strength(2) from Wisethat at [2990,4383,2]
[09/17/2017 17:53:38][5CD5353MHX20170616182151.000000-240][Wisethat] picked up 1x Prayer potion(3) from Wisethat at [2990,4383,2]
[09/17/2017 17:53:39][5CD5353MHX20170616182151.000000-240][Wisethat] picked up 1x Prayer potion(3) from Wisethat at [2990,4383,2]
[09/17/2017 17:53:39][5CD5353MHX20170616182151.000000-240][Wisethat] picked up 1x Prayer potion(3) from Wisethat at [2990,4383,2]
[09/17/2017 17:53:40][5CD5353MHX20170616182151.000000-240][Wisethat] picked up 1x Prayer potion(3) from Wisethat at [2990,4383,2]
[09/17/2017 17:53:42][5CD5353MHX20170616182151.000000-240][Wisethat] picked up 1x Zamorak max hood from Wisethat at [2990,4383,2]
[09/17/2017 17:53:48][5CD5353MHX20170616182151.000000-240][Wisethat] picked up 1x Super attack(2) from Wisethat at [2990,4383,2]
[09/17/2017 17:54:50][5CD5353MHX20170616182151.000000-240][Wisethat] picked up 1x Elysian spirit shield from Lil Pump at [1645,3672,0]
[09/17/2017 17:57:01][5CD5353MHX20170616182151.000000-240][Wisethat] picked up 1x Toxic staff (uncharged) from Lil Pump at [1644,3672,0]
[09/17/2017 18:00:57][5CD5353MHX20170616182151.000000-240][Wisethat] picked up 20x Coal from Astronomy at [1643,3668,0]
