[09/17/2017 13:58:04][Default string20170611144721.000000+060][Charlie] dropped 1x Iron scimitar at [1642,3672,0]
[09/17/2017 13:58:05][Default string20170611144721.000000+060][Charlie] dropped 1x Bronze axe at [1642,3672,0]
[09/17/2017 13:58:26][Default string20170611144721.000000+060][Charlie] dropped 1x Manta ray at [1641,3673,0]
[09/17/2017 14:00:02][Default string20170611144721.000000+060][Charlie] dropped 1x Hardleather gloves at [1642,3676,0]
[09/17/2017 14:00:08][Default string20170611144721.000000+060][Charlie] dropped 1x Ring of dueling(8) at [1642,3676,0]
[09/17/2017 14:01:06][Default string20170611144721.000000+060][Charlie] dropped 1x Dharok's platebody at [2264,3078,0]
[09/17/2017 14:04:13][Default string20170611144721.000000+060][Charlie] dropped 1x Fremennik blade at [2317,3807,0]
[09/17/2017 14:11:29][Default string20170611144721.000000+060][Charlie] dropped 1x Manta ray at [1648,3675,0]
[09/17/2017 14:11:30][Default string20170611144721.000000+060][Charlie] dropped 1x Manta ray at [1650,3675,0]
[09/17/2017 14:12:14][Default string20170611144721.000000+060][Charlie] dropped 2x Lassar teleport at [1637,3664,0]
[09/17/2017 14:12:54][Default string20170611144721.000000+060][Charlie] dropped 1x null at [3556,9718,3]
[09/17/2017 14:13:02][Default string20170611144721.000000+060][Charlie] dropped 1x null at [3556,9718,3]
[09/17/2017 14:13:10][Default string20170611144721.000000+060][Charlie] dropped 1x null at [3556,9718,3]
[09/17/2017 14:13:23][Default string20170611144721.000000+060][Charlie] dropped 1x Chaos rune at [3556,9718,3]
[09/17/2017 14:13:36][Default string20170611144721.000000+060][Charlie] dropped 1x Law rune at [3556,9718,3]
[09/17/2017 14:13:37][Default string20170611144721.000000+060][Charlie] dropped 1x Ensouled monkey head at [3556,9718,3]
[09/17/2017 14:20:19][Default string20170611144721.000000+060][Charlie] dropped 1x Paddewwa teleport at [3493,3477,0]
[09/17/2017 14:21:19][Default string20170611144721.000000+060][Charlie] dropped 1x Uncut opal at [1638,3684,0]
[09/17/2017 14:23:12][Default string20170611144721.000000+060][Charlie] dropped 1x Crystal key at [1639,3671,0]
[09/17/2017 14:31:17][Default string20170611144721.000000+060][Charlie] dropped 1x null at [1639,3674,0]
[09/17/2017 14:31:19][Default string20170611144721.000000+060][Charlie] dropped 1x null at [1641,3673,0]
[09/17/2017 14:35:13][Default string20170611144721.000000+060][Charlie] dropped 2x Dark fishing bait at [3180,3939,0]
[09/17/2017 14:35:30][Default string20170611144721.000000+060][Charlie] dropped 97608563x Coins at [3179,3939,0]
