[09/17/2017 15:37:59][360250150085220160930235337.000000-240][Iron Hunter] dropped 1x Yew shortbow (u) at [2873,9847,0]
[09/17/2017 16:15:33][360250150085220160930235337.000000-240][Iron Hunter] dropped 1x Green d'hide chaps at [3698,5800,0]
[09/17/2017 16:15:34][360250150085220160930235337.000000-240][Iron Hunter] dropped 1x Green d'hide chaps at [3698,5800,0]
[09/17/2017 16:22:32][360250150085220160930235337.000000-240][Iron Hunter] dropped 1x null at [3696,5806,0]
[09/17/2017 16:25:23][360250150085220160930235337.000000-240][Iron Hunter] dropped 1x Magic shortbow at [1644,3672,0]
[09/17/2017 16:25:25][360250150085220160930235337.000000-240][Iron Hunter] dropped 1x Broken axe at [1644,3672,0]
[09/17/2017 16:27:17][360250150085220160930235337.000000-240][Iron Hunter] dropped 1x Worm at [1240,1226,0]
[09/17/2017 16:31:06][360250150085220160930235337.000000-240][Iron Hunter] dropped 1x Torso at [1240,1232,0]
[09/17/2017 16:32:33][360250150085220160930235337.000000-240][Iron Hunter] dropped 1x Cape of legends at [2872,9847,0]
[09/17/2017 16:32:34][360250150085220160930235337.000000-240][Iron Hunter] dropped 1x Climbing boots at [2872,9847,0]
[09/17/2017 16:37:57][360250150085220160930235337.000000-240][Iron Hunter] dropped 1x Overload (-)(1) at [2486,9797,0]
[09/17/2017 16:58:18][360250150085220160930235337.000000-240][Iron Hunter] dropped 1x Ohn's diary at [3696,5806,0]
[09/17/2017 16:58:19][360250150085220160930235337.000000-240][Iron Hunter] dropped 1x Ohn's diary at [3696,5806,0]
[09/17/2017 16:58:20][360250150085220160930235337.000000-240][Iron Hunter] dropped 1x Ohn's diary at [3696,5806,0]
[09/17/2017 16:58:21][360250150085220160930235337.000000-240][Iron Hunter] dropped 1x Ohn's diary at [3696,5806,0]
[09/17/2017 16:59:44][360250150085220160930235337.000000-240][Iron Hunter] dropped 1x Book of arcane knowledge at [3696,5807,0]
[09/17/2017 17:37:26][360250150085220160930235337.000000-240][Iron Hunter] dropped 1x Serpentine visage at [1240,1244,0]
[09/17/2017 18:02:31][360250150085220160930235337.000000-240][Iron Hunter] dropped 1x Vial at [2967,3704,0]
[09/17/2017 18:07:22][360250150085220160930235337.000000-240][Iron Hunter] dropped 1x Vial at [2967,3705,0]
[09/17/2017 18:07:42][360250150085220160930235337.000000-240][Iron Hunter] dropped 1x Vial at [2968,3705,0]
[09/17/2017 18:12:08][360250150085220160930235337.000000-240][Iron Hunter] dropped 1x Dragon dart at [1635,3670,0]
[09/17/2017 18:13:26][360250150085220160930235337.000000-240][Iron Hunter] dropped 1x Rune pouch at [1635,3670,0]
[09/17/2017 18:17:15][360250150085220160930235337.000000-240][Iron Hunter] dropped 1x Toxic staff (uncharged) at [3344,3734,0]
[09/17/2017 18:18:38][360250150085220160930235337.000000-240][Iron Hunter] dropped 1x Dragon claws at [3333,3698,0]
