[09/17/2017 17:26:13][98HUM7ZUPN94304174300020150807221332.000000+060][Karl Walsh] dropped 1x Super magic potion (3) at [1637,3676,0]
[09/17/2017 17:26:25][98HUM7ZUPN94304174300020150807221332.000000+060][Karl Walsh] dropped 1x Super ranging (2) at [1637,3676,0]
[09/17/2017 17:26:39][98HUM7ZUPN94304174300020150807221332.000000+060][Karl Walsh] dropped 1x Super ranging (1) at [1643,3677,0]
[09/17/2017 17:32:41][98HUM7ZUPN94304174300020150807221332.000000+060][Karl Walsh] dropped 1x Zenyte bracelet at [1646,3670,0]
[09/17/2017 17:32:43][98HUM7ZUPN94304174300020150807221332.000000+060][Karl Walsh] dropped 1x Hardleather gloves at [1646,3670,0]
[09/17/2017 17:32:44][98HUM7ZUPN94304174300020150807221332.000000+060][Karl Walsh] dropped 1x Cape of legends at [1646,3670,0]
[09/17/2017 17:36:55][98HUM7ZUPN94304174300020150807221332.000000+060][Karl Walsh] dropped 1x Warrior helm at [1646,3673,0]
[09/17/2017 17:38:30][98HUM7ZUPN94304174300020150807221332.000000+060][Karl Walsh] dropped 1x Bandos chestplate at [1646,3673,0]
[09/17/2017 17:38:32][98HUM7ZUPN94304174300020150807221332.000000+060][Karl Walsh] dropped 1x Amulet of glory(4) at [1646,3673,0]
[09/17/2017 17:39:58][98HUM7ZUPN94304174300020150807221332.000000+060][Karl Walsh] dropped 1x Ava's max hood at [1631,3666,0]
[09/17/2017 17:40:53][98HUM7ZUPN94304174300020150807221332.000000+060][Karl Walsh] dropped 1x Twisted bow at [1645,3672,0]
[09/17/2017 17:43:23][98HUM7ZUPN94304174300020150807221332.000000+060][Karl Walsh] dropped 10000x Dragon arrow at [1645,3672,0]
[09/17/2017 17:44:13][98HUM7ZUPN94304174300020150807221332.000000+060][Karl Walsh] dropped 1x Ring of dueling(8) at [1642,3676,0]
[09/17/2017 17:48:43][98HUM7ZUPN94304174300020150807221332.000000+060][Karl Walsh] dropped 436x Blood money at [1643,3674,0]
[09/17/2017 17:48:46][98HUM7ZUPN94304174300020150807221332.000000+060][Karl Walsh] dropped 1x Ring of dueling(7) at [1643,3674,0]
[09/17/2017 17:56:17][98HUM7ZUPN94304174300020150807221332.000000+060][Karl Walsh] dropped 1x Vial at [3425,3533,0]
[09/17/2017 18:05:18][98HUM7ZUPN94304174300020150807221332.000000+060][Karl Walsh] dropped 1x Tormented bracelet at [2986,3830,0]
[09/17/2017 18:05:20][98HUM7ZUPN94304174300020150807221332.000000+060][Karl Walsh] dropped 1x Armadyl helmet at [2986,3830,0]
[09/17/2017 18:05:33][98HUM7ZUPN94304174300020150807221332.000000+060][Karl Walsh] dropped 1x Necklace of anguish at [2986,3830,0]
[09/17/2017 18:05:53][98HUM7ZUPN94304174300020150807221332.000000+060][Karl Walsh] dropped 2132345829x Coins at [2986,3830,0]
[09/17/2017 18:05:54][98HUM7ZUPN94304174300020150807221332.000000+060][Karl Walsh] dropped 1x Hammer at [2986,3830,0]
[09/17/2017 18:06:04][98HUM7ZUPN94304174300020150807221332.000000+060][Karl Walsh] dropped 1x Shark at [2986,3830,0]
[09/17/2017 18:06:04][98HUM7ZUPN94304174300020150807221332.000000+060][Karl Walsh] dropped 1x Shark at [2986,3830,0]
[09/17/2017 18:06:04][98HUM7ZUPN94304174300020150807221332.000000+060][Karl Walsh] dropped 1x Shark at [2986,3830,0]
[09/17/2017 18:06:05][98HUM7ZUPN94304174300020150807221332.000000+060][Karl Walsh] dropped 1x Shark at [2986,3830,0]
[09/17/2017 18:06:05][98HUM7ZUPN94304174300020150807221332.000000+060][Karl Walsh] dropped 1x Shark at [2986,3830,0]
[09/17/2017 18:06:05][98HUM7ZUPN94304174300020150807221332.000000+060][Karl Walsh] dropped 1x Shark at [2986,3830,0]
[09/17/2017 18:06:06][98HUM7ZUPN94304174300020150807221332.000000+060][Karl Walsh] dropped 1x Shark at [2986,3830,0]
[09/17/2017 18:06:06][98HUM7ZUPN94304174300020150807221332.000000+060][Karl Walsh] dropped 1x Shark at [2986,3830,0]
[09/17/2017 18:06:06][98HUM7ZUPN94304174300020150807221332.000000+060][Karl Walsh] dropped 1x Shark at [2986,3830,0]
[09/17/2017 18:06:07][98HUM7ZUPN94304174300020150807221332.000000+060][Karl Walsh] dropped 1x Shark at [2986,3830,0]
[09/17/2017 18:06:07][98HUM7ZUPN94304174300020150807221332.000000+060][Karl Walsh] dropped 1x Shark at [2986,3830,0]
[09/17/2017 18:06:07][98HUM7ZUPN94304174300020150807221332.000000+060][Karl Walsh] dropped 1x Shark at [2986,3830,0]
[09/17/2017 18:06:07][98HUM7ZUPN94304174300020150807221332.000000+060][Karl Walsh] dropped 1x Shark at [2986,3830,0]
[09/17/2017 18:06:08][98HUM7ZUPN94304174300020150807221332.000000+060][Karl Walsh] dropped 1x Shark at [2986,3830,0]
[09/17/2017 18:12:05][98HUM7ZUPN94304174300020150807221332.000000+060][Karl Walsh] dropped 1x Black desert shirt at [1634,3666,0]
[09/17/2017 18:12:24][98HUM7ZUPN94304174300020150807221332.000000+060][Karl Walsh] dropped 1x Fire max hood at [1634,3666,0]
[09/17/2017 18:14:02][98HUM7ZUPN94304174300020150807221332.000000+060][Karl Walsh] dropped 1000x Raw anglerfish at [1634,3666,0]
