[09/17/2017 17:24:23][Default string20170905220158.000000+120][Lil Pump] dropped 1x null at [1643,3671,0]
[09/17/2017 17:24:34][Default string20170905220158.000000+120][Lil Pump] dropped 1x null at [1644,3671,0]
[09/17/2017 17:24:36][Default string20170905220158.000000+120][Lil Pump] dropped 1x null at [1642,3673,0]
[09/17/2017 17:24:38][Default string20170905220158.000000+120][Lil Pump] dropped 1x null at [1642,3675,0]
[09/17/2017 17:24:39][Default string20170905220158.000000+120][Lil Pump] dropped 1x null at [1644,3675,0]
[09/17/2017 17:24:41][Default string20170905220158.000000+120][Lil Pump] dropped 1x null at [1645,3674,0]
[09/17/2017 17:24:42][Default string20170905220158.000000+120][Lil Pump] dropped 1x null at [1645,3672,0]
[09/17/2017 17:24:44][Default string20170905220158.000000+120][Lil Pump] dropped 1x null at [1644,3670,0]
[09/17/2017 17:25:02][Default string20170905220158.000000+120][Lil Pump] dropped 1x null at [1644,3671,0]
[09/17/2017 17:25:52][Default string20170905220158.000000+120][Lil Pump] dropped 1x Super ranging (2) at [1642,3677,0]
[09/17/2017 17:28:28][Default string20170905220158.000000+120][Lil Pump] dropped 1x Lantern lens at [1645,3676,0]
[09/17/2017 17:28:29][Default string20170905220158.000000+120][Lil Pump] dropped 1x Raw pheasant at [1645,3676,0]
[09/17/2017 17:28:56][Default string20170905220158.000000+120][Lil Pump] dropped 1x Fox at [1644,3672,0]
[09/17/2017 17:29:29][Default string20170905220158.000000+120][Lil Pump] dropped 1x Spined chaps at [1645,3672,0]
[09/17/2017 17:29:52][Default string20170905220158.000000+120][Lil Pump] dropped 1x Mudskipper hat at [1644,3670,0]
[09/17/2017 17:30:04][Default string20170905220158.000000+120][Lil Pump] dropped 1x Volcanic theme at [1644,3668,0]
[09/17/2017 17:31:59][Default string20170905220158.000000+120][Lil Pump] dropped 1x Amulet of fury at [1650,3673,0]
[09/17/2017 17:32:26][Default string20170905220158.000000+120][Lil Pump] dropped 1x Fire max hood at [1648,3672,0]
[09/17/2017 17:32:39][Default string20170905220158.000000+120][Lil Pump] dropped 1x Serpentine visage at [1648,3673,0]
[09/17/2017 17:32:58][Default string20170905220158.000000+120][Lil Pump] dropped 1x Tanzanite mutagen at [1648,3674,0]
[09/17/2017 17:41:52][Default string20170905220158.000000+120][Lil Pump] dropped 1x Max cape at [1644,3673,0]
[09/17/2017 17:41:54][Default string20170905220158.000000+120][Lil Pump] dropped 1x Max hood at [1644,3673,0]
[09/17/2017 17:41:54][Default string20170905220158.000000+120][Lil Pump] dropped 1x Max cape at [1644,3673,0]
[09/17/2017 17:41:55][Default string20170905220158.000000+120][Lil Pump] dropped 1x Guthix max hood at [1644,3673,0]
[09/17/2017 17:52:44][Default string20170905220158.000000+120][Lil Pump] dropped 1x Elysian spirit shield at [1645,3672,0]
[09/17/2017 17:52:45][Default string20170905220158.000000+120][Lil Pump] dropped 1x Ava's max cape at [1645,3672,0]
[09/17/2017 17:52:45][Default string20170905220158.000000+120][Lil Pump] dropped 1x Armadyl crossbow at [1645,3672,0]
[09/17/2017 17:52:46][Default string20170905220158.000000+120][Lil Pump] dropped 1x Necklace of anguish at [1645,3672,0]
[09/17/2017 17:53:04][Default string20170905220158.000000+120][Lil Pump] dropped 28x Elysian spirit shield at [1642,3670,0]
[09/17/2017 17:53:12][Default string20170905220158.000000+120][Lil Pump] dropped 20x Elysian spirit shield at [1642,3674,0]
[09/17/2017 17:53:25][Default string20170905220158.000000+120][Lil Pump] dropped 10x Elysian sigil at [1643,3671,0]
[09/17/2017 17:53:41][Default string20170905220158.000000+120][Lil Pump] dropped 1x Toxic staff (uncharged) at [1642,3673,0]
[09/17/2017 17:53:43][Default string20170905220158.000000+120][Lil Pump] dropped 1x Toxic staff (uncharged) at [1644,3672,0]
[09/17/2017 17:53:44][Default string20170905220158.000000+120][Lil Pump] dropped 1x Toxic staff (uncharged) at [1644,3675,0]
[09/17/2017 17:53:48][Default string20170905220158.000000+120][Lil Pump] dropped 1x Toxic staff (uncharged) at [1645,3674,0]
[09/17/2017 17:53:50][Default string20170905220158.000000+120][Lil Pump] dropped 1x Toxic staff (uncharged) at [1646,3672,0]
[09/17/2017 17:53:53][Default string20170905220158.000000+120][Lil Pump] dropped 1x Toxic staff (uncharged) at [1644,3669,0]
[09/17/2017 17:53:59][Default string20170905220158.000000+120][Lil Pump] dropped 1x Toxic staff (uncharged) at [1644,3669,0]
[09/17/2017 17:54:01][Default string20170905220158.000000+120][Lil Pump] dropped 1x Toxic staff (uncharged) at [1645,3670,0]
[09/17/2017 17:54:04][Default string20170905220158.000000+120][Lil Pump] dropped 1x Toxic staff (uncharged) at [1642,3671,0]
[09/17/2017 17:54:06][Default string20170905220158.000000+120][Lil Pump] dropped 1x Toxic staff (uncharged) at [1641,3676,0]
[09/17/2017 17:54:20][Default string20170905220158.000000+120][Lil Pump] dropped 1x Toxic staff (uncharged) at [1643,3677,0]
[09/17/2017 17:54:22][Default string20170905220158.000000+120][Lil Pump] dropped 1x Toxic staff (uncharged) at [1642,3678,0]
[09/17/2017 17:54:24][Default string20170905220158.000000+120][Lil Pump] dropped 1x Toxic staff (uncharged) at [1640,3677,0]
[09/17/2017 17:54:26][Default string20170905220158.000000+120][Lil Pump] dropped 1x Toxic staff (uncharged) at [1640,3675,0]
[09/17/2017 17:54:29][Default string20170905220158.000000+120][Lil Pump] dropped 1x Toxic staff (uncharged) at [1640,3673,0]
[09/17/2017 17:54:38][Default string20170905220158.000000+120][Lil Pump] dropped 1x Toxic staff (uncharged) at [1640,3673,0]
[09/17/2017 17:54:43][Default string20170905220158.000000+120][Lil Pump] dropped 1x Toxic staff (uncharged) at [1643,3673,0]
[09/17/2017 17:54:45][Default string20170905220158.000000+120][Lil Pump] dropped 1x Toxic staff (uncharged) at [1642,3675,0]
[09/17/2017 17:54:47][Default string20170905220158.000000+120][Lil Pump] dropped 1x Toxic staff (uncharged) at [1644,3677,0]
[09/17/2017 17:54:49][Default string20170905220158.000000+120][Lil Pump] dropped 1x Toxic staff (uncharged) at [1646,3675,0]
[09/17/2017 17:55:53][Default string20170905220158.000000+120][Lil Pump] dropped 1x Toxic staff (uncharged) at [1644,3670,0]
[09/17/2017 17:57:45][Default string20170905220158.000000+120][Lil Pump] dropped 1x Toxic staff (uncharged) at [1644,3671,0]
[09/17/2017 18:00:52][Default string20170905220158.000000+120][Lil Pump] dropped 1x Cow mask at [1643,3678,0]
[09/17/2017 18:03:55][Default string20170905220158.000000+120][Lil Pump] dropped 1x Serpentine helm (uncharged) at [2986,3829,0]
[09/17/2017 18:13:31][Default string20170905220158.000000+120][Lil Pump] dropped 1x Abyssal whip at [1638,3680,0]
[09/17/2017 18:15:01][Default string20170905220158.000000+120][Lil Pump] dropped 1x Rune pouch at [1640,3667,0]
[09/17/2017 18:15:03][Default string20170905220158.000000+120][Lil Pump] dropped 89558341x Coins at [1642,3665,0]
