[09/17/2017 17:28:09][System Serial Number20150727011947.000000-240][Pleb] dropped 1x Super ranging (1) at [1643,3672,0]
[09/17/2017 17:28:09][System Serial Number20150727011947.000000-240][Pleb] dropped 1x Super ranging (2) at [1643,3672,0]
[09/17/2017 17:28:10][System Serial Number20150727011947.000000-240][Pleb] dropped 1x Super ranging (2) at [1643,3672,0]
[09/17/2017 17:28:50][System Serial Number20150727011947.000000-240][Pleb] dropped 1x Cosmic talisman at [1643,3672,0]
[09/17/2017 17:31:58][System Serial Number20150727011947.000000-240][Pleb] dropped 1x Uncut dragonstone at [1650,3680,0]
[09/17/2017 17:31:59][System Serial Number20150727011947.000000-240][Pleb] dropped 1x Uncut dragonstone at [1650,3680,0]
[09/17/2017 17:31:59][System Serial Number20150727011947.000000-240][Pleb] dropped 1x Uncut dragonstone at [1650,3680,0]
[09/17/2017 17:31:59][System Serial Number20150727011947.000000-240][Pleb] dropped 1x Uncut dragonstone at [1650,3680,0]
[09/17/2017 17:31:59][System Serial Number20150727011947.000000-240][Pleb] dropped 1x Uncut dragonstone at [1650,3680,0]
[09/17/2017 17:32:00][System Serial Number20150727011947.000000-240][Pleb] dropped 1x Uncut dragonstone at [1650,3680,0]
[09/17/2017 17:32:00][System Serial Number20150727011947.000000-240][Pleb] dropped 1x Uncut dragonstone at [1650,3680,0]
[09/17/2017 17:32:00][System Serial Number20150727011947.000000-240][Pleb] dropped 1x Uncut dragonstone at [1650,3680,0]
[09/17/2017 17:32:00][System Serial Number20150727011947.000000-240][Pleb] dropped 1x Uncut dragonstone at [1650,3680,0]
[09/17/2017 17:32:00][System Serial Number20150727011947.000000-240][Pleb] dropped 1x Uncut dragonstone at [1650,3680,0]
[09/17/2017 17:32:01][System Serial Number20150727011947.000000-240][Pleb] dropped 1x Uncut dragonstone at [1650,3680,0]
[09/17/2017 17:32:59][System Serial Number20150727011947.000000-240][Pleb] dropped 1x Overload (2) at [1642,3673,0]
[09/17/2017 17:33:18][System Serial Number20150727011947.000000-240][Pleb] dropped 1x Ensouled bear head at [1644,3670,0]
[09/17/2017 17:37:50][System Serial Number20150727011947.000000-240][Pleb] dropped 1x null at [1639,3672,0]
[09/17/2017 17:37:56][System Serial Number20150727011947.000000-240][Pleb] dropped 1x null at [1639,3672,0]
[09/17/2017 17:38:00][System Serial Number20150727011947.000000-240][Pleb] dropped 1x null at [1639,3672,0]
[09/17/2017 17:42:36][System Serial Number20150727011947.000000-240][Pleb] dropped 1x null at [1645,3676,0]
[09/17/2017 17:44:26][System Serial Number20150727011947.000000-240][Pleb] dropped 1x Ensouled imp head at [2990,4384,2]
[09/17/2017 17:44:26][System Serial Number20150727011947.000000-240][Pleb] dropped 1x Earth rune (nz) at [2990,4384,2]
[09/17/2017 17:44:26][System Serial Number20150727011947.000000-240][Pleb] dropped 1x Water rune (nz) at [2990,4384,2]
[09/17/2017 17:47:52][System Serial Number20150727011947.000000-240][Pleb] dropped 1x Null at [3013,3848,0]
[09/17/2017 17:50:28][System Serial Number20150727011947.000000-240][Pleb] dropped 1x Manta ray at [1242,1250,0]
[09/17/2017 17:51:23][System Serial Number20150727011947.000000-240][Pleb] dropped 1x Ahrim's robeskirt at [1639,3673,0]
[09/17/2017 18:06:02][System Serial Number20150727011947.000000-240][Pleb] dropped 18398x Coins at [3340,3740,0]
[09/17/2017 18:06:05][System Serial Number20150727011947.000000-240][Pleb] dropped 48x Blood money at [3340,3738,0]
[09/17/2017 18:10:17][System Serial Number20150727011947.000000-240][Pleb] dropped 1x Ahrim's staff at [1642,3672,0]
[09/17/2017 18:10:51][System Serial Number20150727011947.000000-240][Pleb] dropped 1x Climbing boots at [1642,3672,0]
[09/17/2017 18:11:12][System Serial Number20150727011947.000000-240][Pleb] dropped 1x Serpentine visage at [1642,3672,0]
[09/17/2017 18:11:48][System Serial Number20150727011947.000000-240][Pleb] dropped 1x Grim reaper hood at [1640,3672,0]
[09/17/2017 18:12:13][System Serial Number20150727011947.000000-240][Pleb] dropped 1x Fire cape at [1639,3672,0]
[09/17/2017 18:13:23][System Serial Number20150727011947.000000-240][Pleb] dropped 1x Max cape at [1639,3672,0]
[09/17/2017 18:13:28][System Serial Number20150727011947.000000-240][Pleb] dropped 1x Fire cape at [1639,3672,0]
[09/17/2017 18:15:11][System Serial Number20150727011947.000000-240][Pleb] dropped 1x Rune pouch at [1639,3672,0]
[09/17/2017 18:16:35][System Serial Number20150727011947.000000-240][Pleb] dropped 1x Anglerfish at [1635,3669,0]
[09/17/2017 18:16:42][System Serial Number20150727011947.000000-240][Pleb] dropped 1x Dexterous prayer scroll at [1635,3669,0]
