[09/17/2017 17:30:01][Not Applicable20170725211928.000000+060][Rubbers] dropped 1x Climbing boots at [1644,3672,0]
[09/17/2017 17:30:02][Not Applicable20170725211928.000000+060][Rubbers] dropped 1x Amulet of glory(4) at [1644,3672,0]
[09/17/2017 17:30:02][Not Applicable20170725211928.000000+060][Rubbers] dropped 1x Cape of legends at [1644,3672,0]
[09/17/2017 17:30:02][Not Applicable20170725211928.000000+060][Rubbers] dropped 1x Hardleather gloves at [1644,3672,0]
[09/17/2017 17:30:02][Not Applicable20170725211928.000000+060][Rubbers] dropped 100x Bronze arrow at [1644,3672,0]
[09/17/2017 17:30:02][Not Applicable20170725211928.000000+060][Rubbers] dropped 1x Ring of dueling(8) at [1644,3672,0]
[09/17/2017 17:31:42][Not Applicable20170725211928.000000+060][Rubbers] dropped 1x Saradomin cape at [1648,3673,0]
[09/17/2017 17:32:42][Not Applicable20170725211928.000000+060][Rubbers] dropped 1x Elder maul at [1643,3669,0]
[09/17/2017 17:35:53][Not Applicable20170725211928.000000+060][Rubbers] dropped 1x Dexterous prayer scroll at [1639,3670,0]
[09/17/2017 17:37:48][Not Applicable20170725211928.000000+060][Rubbers] dropped 1x Overload (+)(4) at [1637,3670,0]
[09/17/2017 17:55:56][Not Applicable20170725211928.000000+060][Rubbers] dropped 1x Odium ward at [2968,3691,0]
[09/17/2017 17:55:57][Not Applicable20170725211928.000000+060][Rubbers] dropped 1x Odium ward at [2968,3691,0]
[09/17/2017 17:55:57][Not Applicable20170725211928.000000+060][Rubbers] dropped 1x Odium ward at [2968,3691,0]
[09/17/2017 17:55:57][Not Applicable20170725211928.000000+060][Rubbers] dropped 1x Odium ward at [2968,3691,0]
[09/17/2017 17:55:57][Not Applicable20170725211928.000000+060][Rubbers] dropped 1x Odium ward at [2968,3691,0]
[09/17/2017 17:58:07][Not Applicable20170725211928.000000+060][Rubbers] dropped 1x Armadyl chestplate at [1646,3672,0]
[09/17/2017 17:58:07][Not Applicable20170725211928.000000+060][Rubbers] dropped 1x Arcane spirit shield at [1646,3672,0]
[09/17/2017 17:59:40][Not Applicable20170725211928.000000+060][Rubbers] dropped 1x Dragon claws at [1639,3672,0]
[09/17/2017 18:10:50][Not Applicable20170725211928.000000+060][Rubbers] dropped 1x Dragon scimitar at [1641,3669,0]
[09/17/2017 18:13:07][Not Applicable20170725211928.000000+060][Rubbers] dropped 650x Blood money at [2968,3701,0]
[09/17/2017 18:14:44][Not Applicable20170725211928.000000+060][Rubbers] dropped 1x Dragon warhammer at [1639,3672,0]
[09/17/2017 18:17:11][Not Applicable20170725211928.000000+060][Rubbers] dropped 1x Dragon claws at [1639,3672,0]
[09/17/2017 18:18:09][Not Applicable20170725211928.000000+060][Rubbers] dropped 1x Saradomin max hood at [1639,3672,0]
[09/17/2017 18:18:16][Not Applicable20170725211928.000000+060][Rubbers] dropped 1x Zamorak max hood at [1639,3672,0]
[09/17/2017 18:19:11][Not Applicable20170725211928.000000+060][Rubbers] dropped 1x Abyssal whip at [1639,3672,0]
[09/17/2017 18:19:23][Not Applicable20170725211928.000000+060][Rubbers] dropped 1x Abyssal whip at [1639,3672,0]
