[09/12/2017 04:08:54][20170504004609.000000+180][Salve] dropped 1x Obsidian amulet at [2454,5155,0]
[09/12/2017 07:42:19][20170504004609.000000+180][Salve] dropped 1x null at [2869,3544,0]
[09/12/2017 07:42:24][20170504004609.000000+180][Salve] dropped 1x null at [2870,3544,0]
[09/12/2017 07:42:31][20170504004609.000000+180][Salve] dropped 1x null at [2871,3544,0]
[09/12/2017 07:42:35][20170504004609.000000+180][Salve] dropped 1x null at [2871,3543,0]
[09/12/2017 10:32:33][20170504004609.000000+180][Salve] dropped 1x Iron bar at [3187,3425,0]
[09/12/2017 11:22:12][20170504004609.000000+180][Salve] dropped 1x Mysterious emblem at [3093,3504,0]
[09/12/2017 12:53:50][20170504004609.000000+180][Salve] dropped 1x Ranging potion(3) at [3484,9491,0]
[09/12/2017 12:53:50][20170504004609.000000+180][Salve] dropped 1x Prayer potion(4) at [3484,9491,0]
[09/12/2017 12:53:50][20170504004609.000000+180][Salve] dropped 1x Prayer potion(4) at [3484,9491,0]
[09/12/2017 12:53:51][20170504004609.000000+180][Salve] dropped 1x Prayer potion(3) at [3484,9491,0]
[09/12/2017 12:53:51][20170504004609.000000+180][Salve] dropped 1x Superantipoison(2) at [3484,9491,0]
[09/12/2017 12:53:51][20170504004609.000000+180][Salve] dropped 1x Superantipoison(2) at [3484,9491,0]
[09/12/2017 12:53:54][20170504004609.000000+180][Salve] dropped 1x Empty spice shaker at [3484,9491,0]
[09/12/2017 12:53:54][20170504004609.000000+180][Salve] dropped 1x Empty spice shaker at [3484,9491,0]
[09/12/2017 12:53:54][20170504004609.000000+180][Salve] dropped 1x Empty spice shaker at [3484,9491,0]
[09/12/2017 12:53:55][20170504004609.000000+180][Salve] dropped 1x Empty spice shaker at [3484,9491,0]
[09/12/2017 12:58:04][20170504004609.000000+180][Salve] dropped 1x Super combat potion(2) at [3484,9492,0]
[09/12/2017 12:58:04][20170504004609.000000+180][Salve] dropped 1x Super combat potion(2) at [3484,9492,0]
[09/12/2017 12:58:05][20170504004609.000000+180][Salve] dropped 1x Superantipoison(2) at [3484,9492,0]
[09/12/2017 12:58:05][20170504004609.000000+180][Salve] dropped 1x Ranging potion(3) at [3484,9492,0]
[09/12/2017 13:00:23][20170504004609.000000+180][Salve] dropped 1x Saradomin brew(4) at [3485,9492,0]
[09/13/2017 03:00:22][20170504004609.000000+180][Salve] dropped 1x Fremennik at [2320,3807,0]
[09/13/2017 05:53:08][20170504004609.000000+180][Salve] dropped 1x Holy book at [1630,3667,0]
[09/13/2017 05:56:02][20170504004609.000000+180][Salve] dropped 1x Saradomin page 3 at [1632,3666,0]
[09/13/2017 05:56:08][20170504004609.000000+180][Salve] dropped 1x Saradomin page 2 at [1632,3666,0]
[09/13/2017 06:02:27][20170504004609.000000+180][Salve] dropped 1x Extra supply crate at [1632,3666,0]
